{"level":"info","message":"Server running on port 3001","timestamp":"2025-06-17T01:11:21.099Z"}
{"level":"info","message":"POST /api/auth/logout","timestamp":"2025-06-17T01:11:29.436Z"}
{"level":"info","message":"User admin@travelpro.com logged out","timestamp":"2025-06-17T01:11:29.441Z"}
{"level":"info","message":"POST /api/auth/login","timestamp":"2025-06-17T01:11:40.398Z"}
{"level":"info","message":"Server running on port 3001","timestamp":"2025-06-17T01:12:10.176Z"}
{"level":"info","message":"Server running on port 3001","timestamp":"2025-06-17T01:12:18.293Z"}
{"level":"info","message":"POST /api/auth/login","timestamp":"2025-06-17T01:12:34.824Z"}
{"level":"info","message":"POST /api/auth/login","timestamp":"2025-06-17T01:12:49.174Z"}
{"level":"info","message":"User admin@travelpro.com logged in successfully","timestamp":"2025-06-17T01:12:49.309Z"}
{"level":"info","message":"GET /api/sales","timestamp":"2025-06-17T01:12:52.965Z"}
{"level":"info","message":"GET /api/sales","timestamp":"2025-06-17T01:12:52.969Z"}
{"level":"info","message":"GET /api/sales","timestamp":"2025-06-17T01:12:59.013Z"}
{"level":"info","message":"GET /api/sales","timestamp":"2025-06-17T01:12:59.015Z"}
{"level":"info","message":"Server running on port 3001","timestamp":"2025-06-17T01:13:28.158Z"}
{"level":"info","message":"Server running on port 3001","timestamp":"2025-06-17T01:13:29.464Z"}
{"level":"info","message":"Server running on port 3001","timestamp":"2025-06-17T01:13:32.232Z"}
{"level":"info","message":"GET /api/sales","timestamp":"2025-06-17T01:13:36.683Z"}
{"level":"info","message":"GET /api/sales","timestamp":"2025-06-17T01:13:36.694Z"}
{"level":"info","message":"Server running on port 3001","timestamp":"2025-06-17T01:13:50.171Z"}
{"level":"info","message":"GET /api/sales","timestamp":"2025-06-17T01:14:27.366Z"}
{"level":"info","message":"GET /api/sales","timestamp":"2025-06-17T01:14:27.375Z"}
{"level":"info","message":"GET /api/sales","timestamp":"2025-06-17T01:14:57.000Z"}
{"level":"info","message":"Server running on port 3001","timestamp":"2025-06-17T01:15:09.470Z"}
{"level":"info","message":"GET /api/sales","timestamp":"2025-06-17T01:17:04.139Z"}
{"level":"info","message":"GET /api/sales","timestamp":"2025-06-17T01:17:04.148Z"}
{"level":"info","message":"Server running on port 3001","timestamp":"2025-06-17T01:17:48.410Z"}
{"level":"info","message":"POST /api/auth/logout","timestamp":"2025-06-17T01:17:58.359Z"}
{"level":"info","message":"User undefined logged out","timestamp":"2025-06-17T01:17:58.363Z"}
{"level":"info","message":"POST /api/auth/login","timestamp":"2025-06-17T01:18:04.124Z"}
{"level":"info","message":"User admin@travelpro.com logged in successfully","timestamp":"2025-06-17T01:18:04.267Z"}
{"level":"info","message":"GET /api/sales","timestamp":"2025-06-17T01:18:07.376Z"}
{"level":"info","message":"GET /api/sales","timestamp":"2025-06-17T01:18:07.379Z"}
{"level":"info","message":"Server running on port 3001","timestamp":"2025-06-17T01:18:20.224Z"}
{"level":"info","message":"GET /api/users/me","timestamp":"2025-06-17T01:18:21.771Z"}
{"level":"info","message":"GET /api/users/me","timestamp":"2025-06-17T01:18:21.823Z"}
{"level":"info","message":"POST /api/auth/login","timestamp":"2025-06-17T01:18:34.442Z"}
{"level":"info","message":"User admin@travelpro.com logged in successfully","timestamp":"2025-06-17T01:18:34.577Z"}
{"level":"info","message":"GET /api/sales","timestamp":"2025-06-17T01:18:44.108Z"}
{"level":"info","message":"GET /api/sales","timestamp":"2025-06-17T01:18:44.112Z"}
{"level":"info","message":"GET /api/sales","timestamp":"2025-06-17T01:18:59.173Z"}
{"level":"info","message":"GET /api/sales","timestamp":"2025-06-17T01:19:03.183Z"}
{"level":"info","message":"GET /api/sales","timestamp":"2025-06-17T01:19:03.192Z"}
{"level":"info","message":"GET /api/sales","timestamp":"2025-06-17T01:19:07.559Z"}
{"level":"info","message":"GET /api/sales","timestamp":"2025-06-17T01:19:07.566Z"}
{"level":"info","message":"Server running on port 3001","timestamp":"2025-06-17T01:19:53.380Z"}
{"level":"info","message":"GET /api/sales","timestamp":"2025-06-17T01:20:30.611Z"}
{"level":"info","message":"GET /api/sales","timestamp":"2025-06-17T01:20:30.696Z"}
{"level":"info","message":"GET /api/sales","timestamp":"2025-06-17T01:20:51.293Z"}
{"level":"info","message":"GET /api/sales","timestamp":"2025-06-17T01:20:51.303Z"}
{"level":"info","message":"Server running on port 3001","timestamp":"2025-06-17T01:21:44.490Z"}
{"level":"info","message":"GET /api/sales","timestamp":"2025-06-17T01:21:51.746Z"}
{"level":"info","message":"Server running on port 3001","timestamp":"2025-06-17T01:21:52.219Z"}
{"level":"info","message":"GET /api/sales","timestamp":"2025-06-17T01:21:54.253Z"}
{"level":"info","message":"GET /api/sales","timestamp":"2025-06-17T01:21:54.287Z"}
{"level":"info","message":"Server running on port 3001","timestamp":"2025-06-17T01:22:25.289Z"}
{"level":"info","message":"Server running on port 3001","timestamp":"2025-06-17T01:22:27.713Z"}
{"level":"info","message":"GET /api/sales","timestamp":"2025-06-17T01:22:29.569Z"}
{"level":"info","message":"Sales data fetched","timestamp":"2025-06-17T01:22:29.594Z"}
{"level":"info","message":"GET /api/sales","timestamp":"2025-06-17T01:22:29.599Z"}
{"level":"info","message":"Sales data fetched","timestamp":"2025-06-17T01:22:29.602Z"}
{"level":"info","message":"Server running on port 3001","timestamp":"2025-06-17T01:22:35.479Z"}
{"level":"info","message":"GET /api/users/me","timestamp":"2025-06-17T01:22:42.020Z"}
{"level":"info","message":"GET /api/users/me","timestamp":"2025-06-17T01:22:42.078Z"}
{"level":"info","message":"POST /api/auth/login","timestamp":"2025-06-17T01:22:45.505Z"}
{"level":"info","message":"User admin@travelpro.com logged in successfully","timestamp":"2025-06-17T01:22:45.640Z"}
{"level":"info","message":"GET /api/sales","timestamp":"2025-06-17T01:22:50.474Z"}
{"level":"info","message":"Sales data fetched","timestamp":"2025-06-17T01:22:50.486Z"}
{"level":"info","message":"GET /api/sales","timestamp":"2025-06-17T01:22:50.489Z"}
{"level":"info","message":"Sales data fetched","timestamp":"2025-06-17T01:22:50.491Z"}
{"level":"info","message":"GET /api/users/me","timestamp":"2025-06-17T01:23:04.814Z"}
{"level":"info","message":"GET /api/users/me","timestamp":"2025-06-17T01:23:04.822Z"}
{"level":"info","message":"Server running on port 3001","timestamp":"2025-06-17T01:23:09.905Z"}
{"level":"info","message":"POST /api/auth/login","timestamp":"2025-06-17T01:23:14.184Z"}
{"level":"info","message":"User admin@travelpro.com logged in successfully","timestamp":"2025-06-17T01:23:14.327Z"}
{"level":"info","message":"GET /api/sales","timestamp":"2025-06-17T01:23:19.882Z"}
{"level":"info","message":"Sales data fetched","timestamp":"2025-06-17T01:23:19.897Z"}
{"level":"info","message":"GET /api/sales","timestamp":"2025-06-17T01:23:19.900Z"}
{"level":"info","message":"Sales data fetched","timestamp":"2025-06-17T01:23:19.904Z"}
{"level":"info","message":"Server running on port 3001","timestamp":"2025-06-17T01:23:34.126Z"}
{"level":"info","message":"Server running on port 3001","timestamp":"2025-06-17T01:23:45.562Z"}
{"level":"info","message":"Server running on port 3001","timestamp":"2025-06-17T01:23:48.247Z"}
{"level":"info","message":"Server running on port 3001","timestamp":"2025-06-17T01:23:51.410Z"}
{"level":"info","message":"Server running on port 3001","timestamp":"2025-06-17T01:23:52.100Z"}
{"level":"info","message":"GET /api/sales","timestamp":"2025-06-17T01:23:58.538Z"}
{"level":"info","message":"Sales data fetched","timestamp":"2025-06-17T01:23:58.563Z"}
{"level":"info","message":"GET /api/sales","timestamp":"2025-06-17T01:23:58.566Z"}
{"level":"info","message":"Sales data fetched","timestamp":"2025-06-17T01:23:58.570Z"}
{"level":"info","message":"GET /api/users","timestamp":"2025-06-17T01:23:59.989Z"}
{"level":"info","message":"GET /api/users","timestamp":"2025-06-17T01:23:59.993Z"}
{"level":"info","message":"GET /api/sales","timestamp":"2025-06-17T01:24:49.323Z"}
{"level":"info","message":"Sales data fetched","timestamp":"2025-06-17T01:24:49.327Z"}
{"level":"info","message":"GET /api/sales","timestamp":"2025-06-17T01:24:49.331Z"}
{"level":"info","message":"Sales data fetched","timestamp":"2025-06-17T01:24:49.335Z"}
{"level":"info","message":"GET /api/sales","timestamp":"2025-06-17T01:24:54.435Z"}
{"level":"info","message":"Sales data fetched","timestamp":"2025-06-17T01:24:54.438Z"}
{"level":"info","message":"GET /api/sales","timestamp":"2025-06-17T01:24:54.440Z"}
{"level":"info","message":"Sales data fetched","timestamp":"2025-06-17T01:24:54.445Z"}
{"level":"info","message":"GET /api/users","timestamp":"2025-06-17T01:24:55.523Z"}
{"level":"info","message":"GET /api/users","timestamp":"2025-06-17T01:24:55.526Z"}
{"level":"info","message":"GET /api/users","timestamp":"2025-06-17T01:25:07.835Z"}
{"level":"info","message":"Admin fetched all users","timestamp":"2025-06-17T01:25:07.846Z"}
{"level":"info","message":"GET /api/users/me","timestamp":"2025-06-17T01:25:26.830Z"}
{"level":"info","message":"GET /api/users/me","timestamp":"2025-06-17T01:25:26.846Z"}
{"level":"info","message":"Server running on port 3001","timestamp":"2025-06-17T01:25:33.046Z"}
{"level":"info","message":"POST /api/auth/login","timestamp":"2025-06-17T01:25:47.244Z"}
{"level":"info","message":"User admin@travelpro.com logged in successfully","timestamp":"2025-06-17T01:25:47.385Z"}
{"level":"info","message":"GET /api/sales","timestamp":"2025-06-17T01:25:50.464Z"}
{"level":"info","message":"Sales data fetched","timestamp":"2025-06-17T01:25:50.479Z"}
{"level":"info","message":"GET /api/sales","timestamp":"2025-06-17T01:25:50.481Z"}
{"level":"info","message":"Sales data fetched","timestamp":"2025-06-17T01:25:50.484Z"}
{"level":"info","message":"GET /api/users","timestamp":"2025-06-17T01:25:54.413Z"}
{"level":"info","message":"Users list fetched","timestamp":"2025-06-17T01:25:54.428Z"}
{"level":"info","message":"GET /api/users","timestamp":"2025-06-17T01:25:54.431Z"}
{"level":"info","message":"Users list fetched","timestamp":"2025-06-17T01:25:54.433Z"}
{"level":"info","message":"GET /api/sales","timestamp":"2025-06-17T01:26:02.561Z"}
{"level":"info","message":"Sales data fetched","timestamp":"2025-06-17T01:26:02.565Z"}
{"level":"info","message":"GET /api/sales","timestamp":"2025-06-17T01:26:02.567Z"}
{"level":"info","message":"Sales data fetched","timestamp":"2025-06-17T01:26:02.570Z"}
{"level":"info","message":"GET /api/users","timestamp":"2025-06-17T01:26:04.109Z"}
{"level":"info","message":"Users list fetched","timestamp":"2025-06-17T01:26:04.113Z"}
{"level":"info","message":"GET /api/users","timestamp":"2025-06-17T01:26:04.119Z"}
{"level":"info","message":"Users list fetched","timestamp":"2025-06-17T01:26:04.122Z"}
{"level":"info","message":"POST /api/sales","timestamp":"2025-06-17T01:27:09.682Z"}
{"level":"info","message":"Server running on port 3001","timestamp":"2025-06-17T01:27:28.472Z"}
{"level":"info","message":"Server running on port 3001","timestamp":"2025-06-17T01:27:51.305Z"}
{"level":"info","message":"Server running on port 3001","timestamp":"2025-06-17T01:28:16.791Z"}
{"level":"info","message":"Server running on port 3001","timestamp":"2025-06-17T01:28:20.676Z"}
{"level":"info","message":"POST /api/sales","timestamp":"2025-06-17T01:28:28.825Z"}
{"level":"info","message":"Server running on port 3001","timestamp":"2025-06-17T01:28:56.893Z"}
{"level":"info","message":"POST /api/sales","timestamp":"2025-06-17T01:29:11.594Z"}
{"level":"info","message":"New sale created by user af5631f3-0c3a-44b5-a240-f4e44181068c","timestamp":"2025-06-17T01:29:11.650Z"}
{"level":"info","message":"GET /api/sales/undefined","timestamp":"2025-06-17T01:29:11.664Z"}
{"level":"info","message":"GET /api/sales/undefined","timestamp":"2025-06-17T01:29:11.669Z"}
{"level":"info","message":"GET /api/sales","timestamp":"2025-06-17T01:29:21.928Z"}
{"level":"info","message":"Sales data fetched","timestamp":"2025-06-17T01:29:21.934Z"}
{"level":"info","message":"GET /api/sales","timestamp":"2025-06-17T01:29:21.937Z"}
{"level":"info","message":"Sales data fetched","timestamp":"2025-06-17T01:29:21.942Z"}
{"level":"info","message":"GET /api/sales/43624ec8-1283-4ee2-a148-dfd84fe71282","timestamp":"2025-06-17T01:29:31.941Z"}
{"level":"info","message":"GET /api/sales/43624ec8-1283-4ee2-a148-dfd84fe71282","timestamp":"2025-06-17T01:29:31.963Z"}
{"level":"info","message":"GET /api/sales","timestamp":"2025-06-17T01:29:33.143Z"}
{"level":"info","message":"Sales data fetched","timestamp":"2025-06-17T01:29:33.147Z"}
{"level":"info","message":"GET /api/sales","timestamp":"2025-06-17T01:29:33.150Z"}
{"level":"info","message":"Sales data fetched","timestamp":"2025-06-17T01:29:33.153Z"}
{"level":"info","message":"GET /api/sales/43624ec8-1283-4ee2-a148-dfd84fe71282","timestamp":"2025-06-17T01:30:20.723Z"}
{"level":"info","message":"GET /api/sales/43624ec8-1283-4ee2-a148-dfd84fe71282","timestamp":"2025-06-17T01:30:20.725Z"}
{"level":"info","message":"GET /api/sales","timestamp":"2025-06-17T01:30:22.758Z"}
{"level":"info","message":"Sales data fetched","timestamp":"2025-06-17T01:30:22.761Z"}
{"level":"info","message":"GET /api/sales","timestamp":"2025-06-17T01:30:22.764Z"}
{"level":"info","message":"Sales data fetched","timestamp":"2025-06-17T01:30:22.770Z"}
{"level":"info","message":"GET /api/sales/43624ec8-1283-4ee2-a148-dfd84fe71282","timestamp":"2025-06-17T01:30:24.747Z"}
{"level":"info","message":"GET /api/sales/43624ec8-1283-4ee2-a148-dfd84fe71282","timestamp":"2025-06-17T01:30:24.750Z"}
{"level":"info","message":"GET /api/sales","timestamp":"2025-06-17T01:30:29.028Z"}
{"level":"info","message":"Sales data fetched","timestamp":"2025-06-17T01:30:29.032Z"}
{"level":"info","message":"GET /api/sales","timestamp":"2025-06-17T01:30:29.039Z"}
{"level":"info","message":"Sales data fetched","timestamp":"2025-06-17T01:30:29.044Z"}
{"level":"info","message":"GET /api/sales/43624ec8-1283-4ee2-a148-dfd84fe71282","timestamp":"2025-06-17T01:30:36.398Z"}
{"level":"info","message":"GET /api/sales/43624ec8-1283-4ee2-a148-dfd84fe71282","timestamp":"2025-06-17T01:30:36.403Z"}
{"level":"info","message":"Server running on port 3001","timestamp":"2025-06-17T01:30:47.110Z"}
{"level":"info","message":"Server running on port 3001","timestamp":"2025-06-17T01:31:20.287Z"}
{"level":"info","message":"GET /api/sales","timestamp":"2025-06-17T01:31:21.898Z"}
{"level":"info","message":"Sales data fetched","timestamp":"2025-06-17T01:31:21.926Z"}
{"level":"info","message":"GET /api/sales","timestamp":"2025-06-17T01:31:21.929Z"}
{"level":"info","message":"Sales data fetched","timestamp":"2025-06-17T01:31:21.934Z"}
{"level":"info","message":"GET /api/sales/43624ec8-1283-4ee2-a148-dfd84fe71282","timestamp":"2025-06-17T01:31:22.663Z"}
{"level":"info","message":"GET /api/sales/43624ec8-1283-4ee2-a148-dfd84fe71282","timestamp":"2025-06-17T01:31:22.668Z"}
{"level":"info","message":"GET /api/sales/43624ec8-1283-4ee2-a148-dfd84fe71282","timestamp":"2025-06-17T01:32:44.893Z"}
{"level":"info","message":"GET /api/sales/43624ec8-1283-4ee2-a148-dfd84fe71282","timestamp":"2025-06-17T01:32:44.989Z"}
{"level":"info","message":"Server running on port 3001","timestamp":"2025-06-17T01:32:55.042Z"}
{"level":"info","message":"Server running on port 3001","timestamp":"2025-06-17T01:33:12.957Z"}
{"level":"info","message":"GET /api/sales","timestamp":"2025-06-17T01:33:15.402Z"}
{"level":"info","message":"Sales data fetched","timestamp":"2025-06-17T01:33:15.429Z"}
{"level":"info","message":"GET /api/sales","timestamp":"2025-06-17T01:33:15.434Z"}
{"level":"info","message":"Sales data fetched","timestamp":"2025-06-17T01:33:15.439Z"}
{"level":"info","message":"GET /api/sales/43624ec8-1283-4ee2-a148-dfd84fe71282","timestamp":"2025-06-17T01:33:16.473Z"}
{"level":"info","message":"Sale 43624ec8-1283-4ee2-a148-dfd84fe71282 fetched by user af5631f3-0c3a-44b5-a240-f4e44181068c","timestamp":"2025-06-17T01:33:16.480Z"}
{"level":"info","message":"GET /api/sales/43624ec8-1283-4ee2-a148-dfd84fe71282","timestamp":"2025-06-17T01:33:16.486Z"}
{"level":"info","message":"Sale 43624ec8-1283-4ee2-a148-dfd84fe71282 fetched by user af5631f3-0c3a-44b5-a240-f4e44181068c","timestamp":"2025-06-17T01:33:16.490Z"}
{"level":"info","message":"GET /api/users/me","timestamp":"2025-06-17T01:33:33.248Z"}
{"level":"info","message":"GET /api/users/me","timestamp":"2025-06-17T01:33:33.270Z"}
{"level":"info","message":"POST /api/auth/login","timestamp":"2025-06-17T01:33:59.563Z"}
{"level":"info","message":"User admin@travelpro.com logged in successfully","timestamp":"2025-06-17T01:33:59.695Z"}
{"level":"info","message":"GET /api/sales","timestamp":"2025-06-17T01:34:02.752Z"}
{"level":"info","message":"Sales data fetched","timestamp":"2025-06-17T01:34:02.757Z"}
{"level":"info","message":"GET /api/sales","timestamp":"2025-06-17T01:34:02.763Z"}
{"level":"info","message":"Sales data fetched","timestamp":"2025-06-17T01:34:02.769Z"}
{"level":"info","message":"GET /api/sales/43624ec8-1283-4ee2-a148-dfd84fe71282","timestamp":"2025-06-17T01:34:03.769Z"}
{"level":"info","message":"Sale 43624ec8-1283-4ee2-a148-dfd84fe71282 fetched by user af5631f3-0c3a-44b5-a240-f4e44181068c","timestamp":"2025-06-17T01:34:03.773Z"}
{"level":"info","message":"GET /api/sales/43624ec8-1283-4ee2-a148-dfd84fe71282","timestamp":"2025-06-17T01:34:03.777Z"}
{"level":"info","message":"Sale 43624ec8-1283-4ee2-a148-dfd84fe71282 fetched by user af5631f3-0c3a-44b5-a240-f4e44181068c","timestamp":"2025-06-17T01:34:03.782Z"}
{"level":"info","message":"GET /api/users/me","timestamp":"2025-06-17T01:34:21.008Z"}
{"level":"info","message":"GET /api/users/me","timestamp":"2025-06-17T01:34:21.014Z"}
{"level":"info","message":"POST /api/auth/login","timestamp":"2025-06-17T01:34:32.123Z"}
{"level":"info","message":"User admin@travelpro.com logged in successfully","timestamp":"2025-06-17T01:34:32.229Z"}
{"level":"info","message":"GET /api/sales","timestamp":"2025-06-17T01:34:35.381Z"}
{"level":"info","message":"Sales data fetched","timestamp":"2025-06-17T01:34:35.384Z"}
{"level":"info","message":"GET /api/sales","timestamp":"2025-06-17T01:34:35.386Z"}
{"level":"info","message":"Sales data fetched","timestamp":"2025-06-17T01:34:35.392Z"}
{"level":"info","message":"GET /api/sales/43624ec8-1283-4ee2-a148-dfd84fe71282","timestamp":"2025-06-17T01:34:36.206Z"}
{"level":"info","message":"Sale 43624ec8-1283-4ee2-a148-dfd84fe71282 fetched by user af5631f3-0c3a-44b5-a240-f4e44181068c","timestamp":"2025-06-17T01:34:36.210Z"}
{"level":"info","message":"GET /api/sales/43624ec8-1283-4ee2-a148-dfd84fe71282","timestamp":"2025-06-17T01:34:36.212Z"}
{"level":"info","message":"Sale 43624ec8-1283-4ee2-a148-dfd84fe71282 fetched by user af5631f3-0c3a-44b5-a240-f4e44181068c","timestamp":"2025-06-17T01:34:36.218Z"}
{"level":"info","message":"GET /api/users/me","timestamp":"2025-06-17T01:34:50.712Z"}
{"level":"info","message":"GET /api/users/me","timestamp":"2025-06-17T01:34:50.718Z"}
{"level":"info","message":"POST /api/auth/login","timestamp":"2025-06-17T01:35:02.161Z"}
{"level":"info","message":"User admin@travelpro.com logged in successfully","timestamp":"2025-06-17T01:35:02.266Z"}
{"level":"info","message":"GET /api/sales","timestamp":"2025-06-17T01:35:05.604Z"}
{"level":"info","message":"Sales data fetched","timestamp":"2025-06-17T01:35:05.607Z"}
{"level":"info","message":"GET /api/sales","timestamp":"2025-06-17T01:35:05.609Z"}
{"level":"info","message":"Sales data fetched","timestamp":"2025-06-17T01:35:05.612Z"}
{"level":"info","message":"GET /api/sales/43624ec8-1283-4ee2-a148-dfd84fe71282","timestamp":"2025-06-17T01:35:06.253Z"}
{"level":"info","message":"Sale 43624ec8-1283-4ee2-a148-dfd84fe71282 fetched by user af5631f3-0c3a-44b5-a240-f4e44181068c","timestamp":"2025-06-17T01:35:06.256Z"}
{"level":"info","message":"GET /api/sales/43624ec8-1283-4ee2-a148-dfd84fe71282","timestamp":"2025-06-17T01:35:06.258Z"}
{"level":"info","message":"Sale 43624ec8-1283-4ee2-a148-dfd84fe71282 fetched by user af5631f3-0c3a-44b5-a240-f4e44181068c","timestamp":"2025-06-17T01:35:06.268Z"}
{"level":"info","message":"GET /api/users/me","timestamp":"2025-06-17T01:35:43.040Z"}
{"level":"info","message":"GET /api/users/me","timestamp":"2025-06-17T01:35:43.047Z"}
{"level":"info","message":"POST /api/auth/login","timestamp":"2025-06-17T01:35:52.283Z"}
{"level":"info","message":"User admin@travelpro.com logged in successfully","timestamp":"2025-06-17T01:35:52.388Z"}
{"level":"info","message":"GET /api/sales","timestamp":"2025-06-17T01:35:55.139Z"}
{"level":"info","message":"Sales data fetched","timestamp":"2025-06-17T01:35:55.142Z"}
{"level":"info","message":"GET /api/sales","timestamp":"2025-06-17T01:35:55.144Z"}
{"level":"info","message":"Sales data fetched","timestamp":"2025-06-17T01:35:55.214Z"}
{"level":"info","message":"GET /api/sales/43624ec8-1283-4ee2-a148-dfd84fe71282","timestamp":"2025-06-17T01:35:56.460Z"}
{"level":"info","message":"Sale 43624ec8-1283-4ee2-a148-dfd84fe71282 fetched by user af5631f3-0c3a-44b5-a240-f4e44181068c","timestamp":"2025-06-17T01:35:56.463Z"}
{"level":"info","message":"GET /api/sales/43624ec8-1283-4ee2-a148-dfd84fe71282","timestamp":"2025-06-17T01:35:56.465Z"}
{"level":"info","message":"Sale 43624ec8-1283-4ee2-a148-dfd84fe71282 fetched by user af5631f3-0c3a-44b5-a240-f4e44181068c","timestamp":"2025-06-17T01:35:56.473Z"}
{"level":"info","message":"GET /api/users/me","timestamp":"2025-06-17T01:36:23.042Z"}
{"level":"info","message":"GET /api/users/me","timestamp":"2025-06-17T01:36:23.048Z"}
{"level":"info","message":"Server running on port 3001","timestamp":"2025-06-17T01:36:49.385Z"}
{"level":"info","message":"POST /api/auth/login","timestamp":"2025-06-17T01:37:01.107Z"}
{"level":"info","message":"User admin@travelpro.com logged in successfully","timestamp":"2025-06-17T01:37:01.250Z"}
{"level":"info","message":"GET /api/sales","timestamp":"2025-06-17T01:37:04.515Z"}
{"level":"info","message":"Sales data fetched","timestamp":"2025-06-17T01:37:04.530Z"}
{"level":"info","message":"GET /api/sales","timestamp":"2025-06-17T01:37:04.534Z"}
{"level":"info","message":"Sales data fetched","timestamp":"2025-06-17T01:37:04.538Z"}
{"level":"info","message":"GET /api/sales/43624ec8-1283-4ee2-a148-dfd84fe71282","timestamp":"2025-06-17T01:37:05.600Z"}
{"level":"info","message":"Sale 43624ec8-1283-4ee2-a148-dfd84fe71282 fetched by user af5631f3-0c3a-44b5-a240-f4e44181068c","timestamp":"2025-06-17T01:37:05.609Z"}
{"level":"info","message":"GET /api/sales/43624ec8-1283-4ee2-a148-dfd84fe71282","timestamp":"2025-06-17T01:37:05.612Z"}
{"level":"info","message":"Sale 43624ec8-1283-4ee2-a148-dfd84fe71282 fetched by user af5631f3-0c3a-44b5-a240-f4e44181068c","timestamp":"2025-06-17T01:37:05.618Z"}
{"level":"info","message":"GET /api/users/me","timestamp":"2025-06-17T01:37:25.870Z"}
{"level":"info","message":"GET /api/users/me","timestamp":"2025-06-17T01:37:25.882Z"}
{"level":"info","message":"GET /api/sales/43624ec8-1283-4ee2-a148-dfd84fe71282","timestamp":"2025-06-17T01:37:25.894Z"}
{"level":"info","message":"Sale 43624ec8-1283-4ee2-a148-dfd84fe71282 fetched by user af5631f3-0c3a-44b5-a240-f4e44181068c","timestamp":"2025-06-17T01:37:25.899Z"}
{"level":"info","message":"GET /api/sales/43624ec8-1283-4ee2-a148-dfd84fe71282","timestamp":"2025-06-17T01:37:25.901Z"}
{"level":"info","message":"Sale 43624ec8-1283-4ee2-a148-dfd84fe71282 fetched by user af5631f3-0c3a-44b5-a240-f4e44181068c","timestamp":"2025-06-17T01:37:25.905Z"}
{"level":"info","message":"GET /api/users/me","timestamp":"2025-06-17T01:37:33.621Z"}
{"level":"info","message":"GET /api/users/me","timestamp":"2025-06-17T01:37:33.632Z"}
{"level":"info","message":"GET /api/sales/43624ec8-1283-4ee2-a148-dfd84fe71282","timestamp":"2025-06-17T01:37:33.647Z"}
{"level":"info","message":"Sale 43624ec8-1283-4ee2-a148-dfd84fe71282 fetched by user af5631f3-0c3a-44b5-a240-f4e44181068c","timestamp":"2025-06-17T01:37:33.654Z"}
{"level":"info","message":"GET /api/sales/43624ec8-1283-4ee2-a148-dfd84fe71282","timestamp":"2025-06-17T01:37:33.659Z"}
{"level":"info","message":"Sale 43624ec8-1283-4ee2-a148-dfd84fe71282 fetched by user af5631f3-0c3a-44b5-a240-f4e44181068c","timestamp":"2025-06-17T01:37:33.672Z"}
{"level":"info","message":"GET /api/users/me","timestamp":"2025-06-17T01:37:33.747Z"}
{"level":"info","message":"GET /api/users/me","timestamp":"2025-06-17T01:37:33.751Z"}
{"level":"info","message":"GET /api/sales/43624ec8-1283-4ee2-a148-dfd84fe71282","timestamp":"2025-06-17T01:37:33.830Z"}
{"level":"info","message":"Sale 43624ec8-1283-4ee2-a148-dfd84fe71282 fetched by user af5631f3-0c3a-44b5-a240-f4e44181068c","timestamp":"2025-06-17T01:37:33.847Z"}
{"level":"info","message":"GET /api/sales/43624ec8-1283-4ee2-a148-dfd84fe71282","timestamp":"2025-06-17T01:37:33.867Z"}
{"level":"info","message":"Sale 43624ec8-1283-4ee2-a148-dfd84fe71282 fetched by user af5631f3-0c3a-44b5-a240-f4e44181068c","timestamp":"2025-06-17T01:37:33.891Z"}
{"level":"info","message":"GET /api/users/me","timestamp":"2025-06-17T01:37:42.924Z"}
{"level":"info","message":"GET /api/users/me","timestamp":"2025-06-17T01:37:42.943Z"}
{"level":"info","message":"GET /api/sales/43624ec8-1283-4ee2-a148-dfd84fe71282","timestamp":"2025-06-17T01:37:42.950Z"}
{"level":"info","message":"Sale 43624ec8-1283-4ee2-a148-dfd84fe71282 fetched by user af5631f3-0c3a-44b5-a240-f4e44181068c","timestamp":"2025-06-17T01:37:42.957Z"}
{"level":"info","message":"GET /api/sales/43624ec8-1283-4ee2-a148-dfd84fe71282","timestamp":"2025-06-17T01:37:42.960Z"}
{"level":"info","message":"Sale 43624ec8-1283-4ee2-a148-dfd84fe71282 fetched by user af5631f3-0c3a-44b5-a240-f4e44181068c","timestamp":"2025-06-17T01:37:42.966Z"}
{"level":"info","message":"GET /api/users/me","timestamp":"2025-06-17T01:37:47.240Z"}
{"level":"info","message":"GET /api/users/me","timestamp":"2025-06-17T01:37:47.255Z"}
{"level":"info","message":"GET /api/sales/43624ec8-1283-4ee2-a148-dfd84fe71282","timestamp":"2025-06-17T01:37:47.392Z"}
{"level":"info","message":"Sale 43624ec8-1283-4ee2-a148-dfd84fe71282 fetched by user af5631f3-0c3a-44b5-a240-f4e44181068c","timestamp":"2025-06-17T01:37:47.395Z"}
{"level":"info","message":"GET /api/sales/43624ec8-1283-4ee2-a148-dfd84fe71282","timestamp":"2025-06-17T01:37:47.397Z"}
{"level":"info","message":"Sale 43624ec8-1283-4ee2-a148-dfd84fe71282 fetched by user af5631f3-0c3a-44b5-a240-f4e44181068c","timestamp":"2025-06-17T01:37:47.403Z"}
{"level":"info","message":"GET /api/users/me","timestamp":"2025-06-17T01:38:02.890Z"}
{"level":"info","message":"GET /api/users/me","timestamp":"2025-06-17T01:38:02.898Z"}
{"level":"info","message":"GET /api/sales/43624ec8-1283-4ee2-a148-dfd84fe71282","timestamp":"2025-06-17T01:38:02.909Z"}
{"level":"info","message":"Sale 43624ec8-1283-4ee2-a148-dfd84fe71282 fetched by user af5631f3-0c3a-44b5-a240-f4e44181068c","timestamp":"2025-06-17T01:38:02.914Z"}
{"level":"info","message":"GET /api/sales/43624ec8-1283-4ee2-a148-dfd84fe71282","timestamp":"2025-06-17T01:38:02.917Z"}
{"level":"info","message":"Sale 43624ec8-1283-4ee2-a148-dfd84fe71282 fetched by user af5631f3-0c3a-44b5-a240-f4e44181068c","timestamp":"2025-06-17T01:38:02.928Z"}
{"level":"info","message":"GET /api/users/me","timestamp":"2025-06-17T01:38:12.970Z"}
{"level":"info","message":"GET /api/users/me","timestamp":"2025-06-17T01:38:12.974Z"}
{"level":"info","message":"GET /api/sales/43624ec8-1283-4ee2-a148-dfd84fe71282","timestamp":"2025-06-17T01:38:12.986Z"}
{"level":"info","message":"Sale 43624ec8-1283-4ee2-a148-dfd84fe71282 fetched by user af5631f3-0c3a-44b5-a240-f4e44181068c","timestamp":"2025-06-17T01:38:12.989Z"}
{"level":"info","message":"GET /api/sales/43624ec8-1283-4ee2-a148-dfd84fe71282","timestamp":"2025-06-17T01:38:12.992Z"}
{"level":"info","message":"Sale 43624ec8-1283-4ee2-a148-dfd84fe71282 fetched by user af5631f3-0c3a-44b5-a240-f4e44181068c","timestamp":"2025-06-17T01:38:12.999Z"}
{"level":"info","message":"GET /api/users/me","timestamp":"2025-06-17T01:38:21.075Z"}
{"level":"info","message":"GET /api/users/me","timestamp":"2025-06-17T01:38:21.081Z"}
{"level":"info","message":"GET /api/sales/43624ec8-1283-4ee2-a148-dfd84fe71282","timestamp":"2025-06-17T01:38:21.092Z"}
{"level":"info","message":"Sale 43624ec8-1283-4ee2-a148-dfd84fe71282 fetched by user af5631f3-0c3a-44b5-a240-f4e44181068c","timestamp":"2025-06-17T01:38:21.096Z"}
{"level":"info","message":"GET /api/sales/43624ec8-1283-4ee2-a148-dfd84fe71282","timestamp":"2025-06-17T01:38:21.098Z"}
{"level":"info","message":"Sale 43624ec8-1283-4ee2-a148-dfd84fe71282 fetched by user af5631f3-0c3a-44b5-a240-f4e44181068c","timestamp":"2025-06-17T01:38:21.104Z"}
{"level":"info","message":"GET /api/users/me","timestamp":"2025-06-17T01:38:25.543Z"}
{"level":"info","message":"GET /api/users/me","timestamp":"2025-06-17T01:38:25.547Z"}
{"level":"info","message":"GET /api/sales/43624ec8-1283-4ee2-a148-dfd84fe71282","timestamp":"2025-06-17T01:38:25.554Z"}
{"level":"info","message":"Sale 43624ec8-1283-4ee2-a148-dfd84fe71282 fetched by user af5631f3-0c3a-44b5-a240-f4e44181068c","timestamp":"2025-06-17T01:38:25.558Z"}
{"level":"info","message":"GET /api/sales/43624ec8-1283-4ee2-a148-dfd84fe71282","timestamp":"2025-06-17T01:38:25.562Z"}
{"level":"info","message":"Sale 43624ec8-1283-4ee2-a148-dfd84fe71282 fetched by user af5631f3-0c3a-44b5-a240-f4e44181068c","timestamp":"2025-06-17T01:38:25.566Z"}
{"level":"info","message":"GET /api/users/me","timestamp":"2025-06-17T01:39:02.230Z"}
{"level":"info","message":"GET /api/users/me","timestamp":"2025-06-17T01:39:02.234Z"}
{"level":"info","message":"GET /api/sales/43624ec8-1283-4ee2-a148-dfd84fe71282","timestamp":"2025-06-17T01:39:02.247Z"}
{"level":"info","message":"Sale 43624ec8-1283-4ee2-a148-dfd84fe71282 fetched by user af5631f3-0c3a-44b5-a240-f4e44181068c","timestamp":"2025-06-17T01:39:02.250Z"}
{"level":"info","message":"GET /api/sales/43624ec8-1283-4ee2-a148-dfd84fe71282","timestamp":"2025-06-17T01:39:02.253Z"}
{"level":"info","message":"Sale 43624ec8-1283-4ee2-a148-dfd84fe71282 fetched by user af5631f3-0c3a-44b5-a240-f4e44181068c","timestamp":"2025-06-17T01:39:02.262Z"}
{"level":"info","message":"GET /api/users/me","timestamp":"2025-06-17T01:39:07.455Z"}
{"level":"info","message":"GET /api/users/me","timestamp":"2025-06-17T01:39:07.458Z"}
{"level":"info","message":"GET /api/sales/43624ec8-1283-4ee2-a148-dfd84fe71282","timestamp":"2025-06-17T01:39:07.466Z"}
{"level":"info","message":"Sale 43624ec8-1283-4ee2-a148-dfd84fe71282 fetched by user af5631f3-0c3a-44b5-a240-f4e44181068c","timestamp":"2025-06-17T01:39:07.471Z"}
{"level":"info","message":"GET /api/sales/43624ec8-1283-4ee2-a148-dfd84fe71282","timestamp":"2025-06-17T01:39:07.474Z"}
{"level":"info","message":"Sale 43624ec8-1283-4ee2-a148-dfd84fe71282 fetched by user af5631f3-0c3a-44b5-a240-f4e44181068c","timestamp":"2025-06-17T01:39:07.478Z"}
{"level":"info","message":"GET /api/users/me","timestamp":"2025-06-17T01:39:12.046Z"}
{"level":"info","message":"GET /api/users/me","timestamp":"2025-06-17T01:39:12.050Z"}
{"level":"info","message":"GET /api/sales/43624ec8-1283-4ee2-a148-dfd84fe71282","timestamp":"2025-06-17T01:39:12.192Z"}
{"level":"info","message":"Sale 43624ec8-1283-4ee2-a148-dfd84fe71282 fetched by user af5631f3-0c3a-44b5-a240-f4e44181068c","timestamp":"2025-06-17T01:39:12.195Z"}
{"level":"info","message":"GET /api/sales/43624ec8-1283-4ee2-a148-dfd84fe71282","timestamp":"2025-06-17T01:39:12.200Z"}
{"level":"info","message":"Sale 43624ec8-1283-4ee2-a148-dfd84fe71282 fetched by user af5631f3-0c3a-44b5-a240-f4e44181068c","timestamp":"2025-06-17T01:39:12.208Z"}
{"level":"info","message":"GET /api/users/me","timestamp":"2025-06-17T01:39:20.121Z"}
{"level":"info","message":"GET /api/users/me","timestamp":"2025-06-17T01:39:20.125Z"}
{"level":"info","message":"GET /api/sales/43624ec8-1283-4ee2-a148-dfd84fe71282","timestamp":"2025-06-17T01:39:20.136Z"}
{"level":"info","message":"Sale 43624ec8-1283-4ee2-a148-dfd84fe71282 fetched by user af5631f3-0c3a-44b5-a240-f4e44181068c","timestamp":"2025-06-17T01:39:20.139Z"}
{"level":"info","message":"GET /api/sales/43624ec8-1283-4ee2-a148-dfd84fe71282","timestamp":"2025-06-17T01:39:20.143Z"}
{"level":"info","message":"Sale 43624ec8-1283-4ee2-a148-dfd84fe71282 fetched by user af5631f3-0c3a-44b5-a240-f4e44181068c","timestamp":"2025-06-17T01:39:20.148Z"}
{"level":"info","message":"GET /api/users/me","timestamp":"2025-06-17T01:39:23.295Z"}
{"level":"info","message":"GET /api/users/me","timestamp":"2025-06-17T01:39:23.301Z"}
{"level":"info","message":"GET /api/sales/43624ec8-1283-4ee2-a148-dfd84fe71282","timestamp":"2025-06-17T01:39:23.467Z"}
{"level":"info","message":"Sale 43624ec8-1283-4ee2-a148-dfd84fe71282 fetched by user af5631f3-0c3a-44b5-a240-f4e44181068c","timestamp":"2025-06-17T01:39:23.470Z"}
{"level":"info","message":"GET /api/sales/43624ec8-1283-4ee2-a148-dfd84fe71282","timestamp":"2025-06-17T01:39:23.472Z"}
{"level":"info","message":"Sale 43624ec8-1283-4ee2-a148-dfd84fe71282 fetched by user af5631f3-0c3a-44b5-a240-f4e44181068c","timestamp":"2025-06-17T01:39:23.478Z"}
{"level":"info","message":"GET /api/users/me","timestamp":"2025-06-17T01:39:57.525Z"}
{"level":"info","message":"GET /api/users/me","timestamp":"2025-06-17T01:39:57.531Z"}
{"level":"info","message":"GET /api/sales/43624ec8-1283-4ee2-a148-dfd84fe71282","timestamp":"2025-06-17T01:39:57.547Z"}
{"level":"info","message":"Sale 43624ec8-1283-4ee2-a148-dfd84fe71282 fetched by user af5631f3-0c3a-44b5-a240-f4e44181068c","timestamp":"2025-06-17T01:39:57.552Z"}
{"level":"info","message":"GET /api/sales/43624ec8-1283-4ee2-a148-dfd84fe71282","timestamp":"2025-06-17T01:39:57.556Z"}
{"level":"info","message":"Sale 43624ec8-1283-4ee2-a148-dfd84fe71282 fetched by user af5631f3-0c3a-44b5-a240-f4e44181068c","timestamp":"2025-06-17T01:39:57.560Z"}
{"level":"info","message":"GET /api/users/me","timestamp":"2025-06-17T01:39:57.680Z"}
{"level":"info","message":"GET /api/users/me","timestamp":"2025-06-17T01:39:57.684Z"}
{"level":"info","message":"GET /api/sales/43624ec8-1283-4ee2-a148-dfd84fe71282","timestamp":"2025-06-17T01:39:57.692Z"}
{"level":"info","message":"Sale 43624ec8-1283-4ee2-a148-dfd84fe71282 fetched by user af5631f3-0c3a-44b5-a240-f4e44181068c","timestamp":"2025-06-17T01:39:57.696Z"}
{"level":"info","message":"GET /api/sales/43624ec8-1283-4ee2-a148-dfd84fe71282","timestamp":"2025-06-17T01:39:57.700Z"}
{"level":"info","message":"Sale 43624ec8-1283-4ee2-a148-dfd84fe71282 fetched by user af5631f3-0c3a-44b5-a240-f4e44181068c","timestamp":"2025-06-17T01:39:57.703Z"}
{"level":"info","message":"GET /api/users/me","timestamp":"2025-06-17T01:40:05.922Z"}
{"level":"info","message":"GET /api/users/me","timestamp":"2025-06-17T01:40:05.928Z"}
{"level":"info","message":"GET /api/sales/43624ec8-1283-4ee2-a148-dfd84fe71282","timestamp":"2025-06-17T01:40:06.065Z"}
{"level":"info","message":"Sale 43624ec8-1283-4ee2-a148-dfd84fe71282 fetched by user af5631f3-0c3a-44b5-a240-f4e44181068c","timestamp":"2025-06-17T01:40:06.068Z"}
{"level":"info","message":"GET /api/sales/43624ec8-1283-4ee2-a148-dfd84fe71282","timestamp":"2025-06-17T01:40:06.071Z"}
{"level":"info","message":"Sale 43624ec8-1283-4ee2-a148-dfd84fe71282 fetched by user af5631f3-0c3a-44b5-a240-f4e44181068c","timestamp":"2025-06-17T01:40:06.075Z"}
{"level":"info","message":"GET /api/users/me","timestamp":"2025-06-17T01:40:10.127Z"}
{"level":"info","message":"GET /api/users/me","timestamp":"2025-06-17T01:40:10.133Z"}
{"level":"info","message":"GET /api/sales/43624ec8-1283-4ee2-a148-dfd84fe71282","timestamp":"2025-06-17T01:40:10.305Z"}
{"level":"info","message":"Sale 43624ec8-1283-4ee2-a148-dfd84fe71282 fetched by user af5631f3-0c3a-44b5-a240-f4e44181068c","timestamp":"2025-06-17T01:40:10.309Z"}
{"level":"info","message":"GET /api/sales/43624ec8-1283-4ee2-a148-dfd84fe71282","timestamp":"2025-06-17T01:40:10.311Z"}
{"level":"info","message":"Sale 43624ec8-1283-4ee2-a148-dfd84fe71282 fetched by user af5631f3-0c3a-44b5-a240-f4e44181068c","timestamp":"2025-06-17T01:40:10.316Z"}
{"level":"info","message":"GET /api/users/me","timestamp":"2025-06-17T01:40:26.019Z"}
{"level":"info","message":"GET /api/users/me","timestamp":"2025-06-17T01:40:26.024Z"}
{"level":"info","message":"GET /api/sales/43624ec8-1283-4ee2-a148-dfd84fe71282","timestamp":"2025-06-17T01:40:26.033Z"}
{"level":"info","message":"Sale 43624ec8-1283-4ee2-a148-dfd84fe71282 fetched by user af5631f3-0c3a-44b5-a240-f4e44181068c","timestamp":"2025-06-17T01:40:26.037Z"}
{"level":"info","message":"GET /api/sales/43624ec8-1283-4ee2-a148-dfd84fe71282","timestamp":"2025-06-17T01:40:26.040Z"}
{"level":"info","message":"Sale 43624ec8-1283-4ee2-a148-dfd84fe71282 fetched by user af5631f3-0c3a-44b5-a240-f4e44181068c","timestamp":"2025-06-17T01:40:26.046Z"}
{"level":"info","message":"GET /api/sales","timestamp":"2025-06-17T01:40:39.761Z"}
{"level":"info","message":"Sales data fetched","timestamp":"2025-06-17T01:40:39.764Z"}
{"level":"info","message":"GET /api/sales","timestamp":"2025-06-17T01:40:39.767Z"}
{"level":"info","message":"Sales data fetched","timestamp":"2025-06-17T01:40:39.770Z"}
{"level":"info","message":"GET /api/sales/43624ec8-1283-4ee2-a148-dfd84fe71282","timestamp":"2025-06-17T01:40:47.096Z"}
{"level":"info","message":"Sale 43624ec8-1283-4ee2-a148-dfd84fe71282 fetched by user af5631f3-0c3a-44b5-a240-f4e44181068c","timestamp":"2025-06-17T01:40:47.100Z"}
{"level":"info","message":"GET /api/sales/43624ec8-1283-4ee2-a148-dfd84fe71282","timestamp":"2025-06-17T01:40:47.101Z"}
{"level":"info","message":"Sale 43624ec8-1283-4ee2-a148-dfd84fe71282 fetched by user af5631f3-0c3a-44b5-a240-f4e44181068c","timestamp":"2025-06-17T01:40:47.107Z"}
{"level":"info","message":"PATCH /api/sales/43624ec8-1283-4ee2-a148-dfd84fe71282/status","timestamp":"2025-06-17T01:41:04.333Z"}
{"level":"info","message":"PATCH /api/sales/43624ec8-1283-4ee2-a148-dfd84fe71282/status","timestamp":"2025-06-17T01:41:04.949Z"}
{"level":"info","message":"GET /api/sales","timestamp":"2025-06-17T01:41:08.798Z"}
{"level":"info","message":"Sales data fetched","timestamp":"2025-06-17T01:41:08.801Z"}
{"level":"info","message":"GET /api/sales","timestamp":"2025-06-17T01:41:08.802Z"}
{"level":"info","message":"Sales data fetched","timestamp":"2025-06-17T01:41:08.805Z"}
{"level":"info","message":"GET /api/sales","timestamp":"2025-06-17T01:41:14.108Z"}
{"level":"info","message":"Sales data fetched","timestamp":"2025-06-17T01:41:14.111Z"}
{"level":"info","message":"GET /api/sales","timestamp":"2025-06-17T01:41:14.113Z"}
{"level":"info","message":"Sales data fetched","timestamp":"2025-06-17T01:41:14.115Z"}
{"level":"info","message":"GET /api/sales/43624ec8-1283-4ee2-a148-dfd84fe71282","timestamp":"2025-06-17T01:41:38.775Z"}
{"level":"info","message":"Sale 43624ec8-1283-4ee2-a148-dfd84fe71282 fetched by user af5631f3-0c3a-44b5-a240-f4e44181068c","timestamp":"2025-06-17T01:41:38.779Z"}
{"level":"info","message":"GET /api/sales/43624ec8-1283-4ee2-a148-dfd84fe71282","timestamp":"2025-06-17T01:41:38.781Z"}
{"level":"info","message":"Sale 43624ec8-1283-4ee2-a148-dfd84fe71282 fetched by user af5631f3-0c3a-44b5-a240-f4e44181068c","timestamp":"2025-06-17T01:41:38.786Z"}
{"level":"info","message":"GET /api/users/me","timestamp":"2025-06-17T01:42:12.734Z"}
{"level":"info","message":"GET /api/users/me","timestamp":"2025-06-17T01:42:12.737Z"}
{"level":"info","message":"GET /api/sales/43624ec8-1283-4ee2-a148-dfd84fe71282","timestamp":"2025-06-17T01:42:12.744Z"}
{"level":"info","message":"Sale 43624ec8-1283-4ee2-a148-dfd84fe71282 fetched by user af5631f3-0c3a-44b5-a240-f4e44181068c","timestamp":"2025-06-17T01:42:12.758Z"}
{"level":"info","message":"GET /api/sales/43624ec8-1283-4ee2-a148-dfd84fe71282","timestamp":"2025-06-17T01:42:12.760Z"}
{"level":"info","message":"Sale 43624ec8-1283-4ee2-a148-dfd84fe71282 fetched by user af5631f3-0c3a-44b5-a240-f4e44181068c","timestamp":"2025-06-17T01:42:12.765Z"}
{"level":"info","message":"GET /api/users/me","timestamp":"2025-06-17T01:42:16.029Z"}
{"level":"info","message":"GET /api/users/me","timestamp":"2025-06-17T01:42:16.033Z"}
{"level":"info","message":"GET /api/sales/43624ec8-1283-4ee2-a148-dfd84fe71282","timestamp":"2025-06-17T01:42:16.037Z"}
{"level":"info","message":"Sale 43624ec8-1283-4ee2-a148-dfd84fe71282 fetched by user af5631f3-0c3a-44b5-a240-f4e44181068c","timestamp":"2025-06-17T01:42:16.040Z"}
{"level":"info","message":"GET /api/sales/43624ec8-1283-4ee2-a148-dfd84fe71282","timestamp":"2025-06-17T01:42:16.042Z"}
{"level":"info","message":"Sale 43624ec8-1283-4ee2-a148-dfd84fe71282 fetched by user af5631f3-0c3a-44b5-a240-f4e44181068c","timestamp":"2025-06-17T01:42:16.046Z"}
{"level":"info","message":"GET /api/users/me","timestamp":"2025-06-17T01:42:19.776Z"}
{"level":"info","message":"GET /api/users/me","timestamp":"2025-06-17T01:42:19.778Z"}
{"level":"info","message":"GET /api/sales/43624ec8-1283-4ee2-a148-dfd84fe71282","timestamp":"2025-06-17T01:42:19.784Z"}
{"level":"info","message":"Sale 43624ec8-1283-4ee2-a148-dfd84fe71282 fetched by user af5631f3-0c3a-44b5-a240-f4e44181068c","timestamp":"2025-06-17T01:42:19.788Z"}
{"level":"info","message":"GET /api/sales/43624ec8-1283-4ee2-a148-dfd84fe71282","timestamp":"2025-06-17T01:42:19.789Z"}
{"level":"info","message":"Sale 43624ec8-1283-4ee2-a148-dfd84fe71282 fetched by user af5631f3-0c3a-44b5-a240-f4e44181068c","timestamp":"2025-06-17T01:42:19.794Z"}
{"level":"info","message":"GET /api/users/me","timestamp":"2025-06-17T01:42:35.298Z"}
{"level":"info","message":"GET /api/users/me","timestamp":"2025-06-17T01:42:35.319Z"}
{"level":"info","message":"GET /api/sales/43624ec8-1283-4ee2-a148-dfd84fe71282","timestamp":"2025-06-17T01:42:35.331Z"}
{"level":"info","message":"Sale 43624ec8-1283-4ee2-a148-dfd84fe71282 fetched by user af5631f3-0c3a-44b5-a240-f4e44181068c","timestamp":"2025-06-17T01:42:35.336Z"}
{"level":"info","message":"GET /api/sales/43624ec8-1283-4ee2-a148-dfd84fe71282","timestamp":"2025-06-17T01:42:35.339Z"}
{"level":"info","message":"Sale 43624ec8-1283-4ee2-a148-dfd84fe71282 fetched by user af5631f3-0c3a-44b5-a240-f4e44181068c","timestamp":"2025-06-17T01:42:35.342Z"}
{"level":"info","message":"GET /api/users/me","timestamp":"2025-06-17T01:43:03.226Z"}
{"level":"info","message":"GET /api/users/me","timestamp":"2025-06-17T01:43:03.230Z"}
{"level":"info","message":"GET /api/sales/43624ec8-1283-4ee2-a148-dfd84fe71282","timestamp":"2025-06-17T01:43:03.245Z"}
{"level":"info","message":"Sale 43624ec8-1283-4ee2-a148-dfd84fe71282 fetched by user af5631f3-0c3a-44b5-a240-f4e44181068c","timestamp":"2025-06-17T01:43:03.250Z"}
{"level":"info","message":"GET /api/sales/43624ec8-1283-4ee2-a148-dfd84fe71282","timestamp":"2025-06-17T01:43:03.253Z"}
{"level":"info","message":"Sale 43624ec8-1283-4ee2-a148-dfd84fe71282 fetched by user af5631f3-0c3a-44b5-a240-f4e44181068c","timestamp":"2025-06-17T01:43:03.264Z"}
{"level":"info","message":"GET /api/users/me","timestamp":"2025-06-17T01:43:13.140Z"}
{"level":"info","message":"GET /api/users/me","timestamp":"2025-06-17T01:43:13.144Z"}
{"level":"info","message":"GET /api/sales/43624ec8-1283-4ee2-a148-dfd84fe71282","timestamp":"2025-06-17T01:43:13.153Z"}
{"level":"info","message":"Sale 43624ec8-1283-4ee2-a148-dfd84fe71282 fetched by user af5631f3-0c3a-44b5-a240-f4e44181068c","timestamp":"2025-06-17T01:43:13.156Z"}
{"level":"info","message":"GET /api/sales/43624ec8-1283-4ee2-a148-dfd84fe71282","timestamp":"2025-06-17T01:43:13.159Z"}
{"level":"info","message":"Sale 43624ec8-1283-4ee2-a148-dfd84fe71282 fetched by user af5631f3-0c3a-44b5-a240-f4e44181068c","timestamp":"2025-06-17T01:43:13.163Z"}
{"level":"info","message":"GET /api/sales/43624ec8-1283-4ee2-a148-dfd84fe71282","timestamp":"2025-06-17T01:43:49.121Z"}
{"level":"info","message":"Sale 43624ec8-1283-4ee2-a148-dfd84fe71282 fetched by user af5631f3-0c3a-44b5-a240-f4e44181068c","timestamp":"2025-06-17T01:43:49.128Z"}
{"level":"info","message":"GET /api/sales","timestamp":"2025-06-17T01:43:58.171Z"}
{"level":"info","message":"Sales data fetched","timestamp":"2025-06-17T01:43:58.176Z"}
{"level":"info","message":"GET /api/sales","timestamp":"2025-06-17T01:43:58.179Z"}
{"level":"info","message":"Sales data fetched","timestamp":"2025-06-17T01:43:58.184Z"}
{"level":"info","message":"GET /api/sales/43624ec8-1283-4ee2-a148-dfd84fe71282","timestamp":"2025-06-17T01:43:58.781Z"}
{"level":"info","message":"Sale 43624ec8-1283-4ee2-a148-dfd84fe71282 fetched by user af5631f3-0c3a-44b5-a240-f4e44181068c","timestamp":"2025-06-17T01:43:58.784Z"}
{"level":"info","message":"GET /api/sales/43624ec8-1283-4ee2-a148-dfd84fe71282","timestamp":"2025-06-17T01:43:58.786Z"}
{"level":"info","message":"Sale 43624ec8-1283-4ee2-a148-dfd84fe71282 fetched by user af5631f3-0c3a-44b5-a240-f4e44181068c","timestamp":"2025-06-17T01:43:58.791Z"}
{"level":"info","message":"GET /api/sales","timestamp":"2025-06-17T01:44:47.228Z"}
{"level":"info","message":"Sales data fetched","timestamp":"2025-06-17T01:44:47.232Z"}
{"level":"info","message":"GET /api/sales","timestamp":"2025-06-17T01:44:47.237Z"}
{"level":"info","message":"Sales data fetched","timestamp":"2025-06-17T01:44:47.242Z"}
{"level":"info","message":"GET /api/sales/43624ec8-1283-4ee2-a148-dfd84fe71282","timestamp":"2025-06-17T01:44:55.285Z"}
{"level":"info","message":"Sale 43624ec8-1283-4ee2-a148-dfd84fe71282 fetched by user af5631f3-0c3a-44b5-a240-f4e44181068c","timestamp":"2025-06-17T01:44:55.288Z"}
{"level":"info","message":"GET /api/sales/43624ec8-1283-4ee2-a148-dfd84fe71282","timestamp":"2025-06-17T01:44:55.290Z"}
{"level":"info","message":"Sale 43624ec8-1283-4ee2-a148-dfd84fe71282 fetched by user af5631f3-0c3a-44b5-a240-f4e44181068c","timestamp":"2025-06-17T01:44:55.295Z"}
{"level":"info","message":"GET /api/sales","timestamp":"2025-06-17T01:44:56.540Z"}
{"level":"info","message":"Sales data fetched","timestamp":"2025-06-17T01:44:56.542Z"}
{"level":"info","message":"GET /api/sales","timestamp":"2025-06-17T01:44:56.544Z"}
{"level":"info","message":"Sales data fetched","timestamp":"2025-06-17T01:44:56.548Z"}
{"level":"info","message":"GET /api/sales/43624ec8-1283-4ee2-a148-dfd84fe71282","timestamp":"2025-06-17T01:44:57.912Z"}
{"level":"info","message":"Sale 43624ec8-1283-4ee2-a148-dfd84fe71282 fetched by user af5631f3-0c3a-44b5-a240-f4e44181068c","timestamp":"2025-06-17T01:44:57.915Z"}
{"level":"info","message":"GET /api/sales/43624ec8-1283-4ee2-a148-dfd84fe71282","timestamp":"2025-06-17T01:44:57.917Z"}
{"level":"info","message":"Sale 43624ec8-1283-4ee2-a148-dfd84fe71282 fetched by user af5631f3-0c3a-44b5-a240-f4e44181068c","timestamp":"2025-06-17T01:44:57.921Z"}
{"level":"info","message":"GET /api/sales/43624ec8-1283-4ee2-a148-dfd84fe71282","timestamp":"2025-06-17T01:45:26.482Z"}
{"level":"info","message":"Sale 43624ec8-1283-4ee2-a148-dfd84fe71282 fetched by user af5631f3-0c3a-44b5-a240-f4e44181068c","timestamp":"2025-06-17T01:45:26.492Z"}
{"level":"info","message":"GET /api/sales/43624ec8-1283-4ee2-a148-dfd84fe71282","timestamp":"2025-06-17T01:45:28.502Z"}
{"level":"info","message":"Sale 43624ec8-1283-4ee2-a148-dfd84fe71282 fetched by user af5631f3-0c3a-44b5-a240-f4e44181068c","timestamp":"2025-06-17T01:45:28.505Z"}
{"level":"info","message":"GET /api/sales/43624ec8-1283-4ee2-a148-dfd84fe71282","timestamp":"2025-06-17T01:45:36.676Z"}
{"level":"info","message":"Sale 43624ec8-1283-4ee2-a148-dfd84fe71282 fetched by user af5631f3-0c3a-44b5-a240-f4e44181068c","timestamp":"2025-06-17T01:45:36.679Z"}
{"level":"info","message":"GET /api/sales/43624ec8-1283-4ee2-a148-dfd84fe71282","timestamp":"2025-06-17T01:45:54.765Z"}
{"level":"info","message":"Sale 43624ec8-1283-4ee2-a148-dfd84fe71282 fetched by user af5631f3-0c3a-44b5-a240-f4e44181068c","timestamp":"2025-06-17T01:45:54.768Z"}
{"level":"info","message":"GET /api/sales/43624ec8-1283-4ee2-a148-dfd84fe71282","timestamp":"2025-06-17T01:45:59.058Z"}
{"level":"info","message":"Sale 43624ec8-1283-4ee2-a148-dfd84fe71282 fetched by user af5631f3-0c3a-44b5-a240-f4e44181068c","timestamp":"2025-06-17T01:45:59.063Z"}
{"level":"info","message":"GET /api/sales/43624ec8-1283-4ee2-a148-dfd84fe71282","timestamp":"2025-06-17T01:45:59.157Z"}
{"level":"info","message":"Sale 43624ec8-1283-4ee2-a148-dfd84fe71282 fetched by user af5631f3-0c3a-44b5-a240-f4e44181068c","timestamp":"2025-06-17T01:45:59.159Z"}
{"level":"info","message":"GET /api/sales/43624ec8-1283-4ee2-a148-dfd84fe71282","timestamp":"2025-06-17T01:46:03.636Z"}
{"level":"info","message":"Sale 43624ec8-1283-4ee2-a148-dfd84fe71282 fetched by user af5631f3-0c3a-44b5-a240-f4e44181068c","timestamp":"2025-06-17T01:46:03.639Z"}
{"level":"info","message":"GET /api/sales/43624ec8-1283-4ee2-a148-dfd84fe71282","timestamp":"2025-06-17T01:46:03.732Z"}
{"level":"info","message":"Sale 43624ec8-1283-4ee2-a148-dfd84fe71282 fetched by user af5631f3-0c3a-44b5-a240-f4e44181068c","timestamp":"2025-06-17T01:46:03.735Z"}
{"level":"info","message":"GET /api/sales/43624ec8-1283-4ee2-a148-dfd84fe71282","timestamp":"2025-06-17T01:46:20.707Z"}
{"level":"info","message":"Sale 43624ec8-1283-4ee2-a148-dfd84fe71282 fetched by user af5631f3-0c3a-44b5-a240-f4e44181068c","timestamp":"2025-06-17T01:46:20.710Z"}
{"level":"info","message":"GET /api/sales/43624ec8-1283-4ee2-a148-dfd84fe71282","timestamp":"2025-06-17T01:46:29.725Z"}
{"level":"info","message":"Sale 43624ec8-1283-4ee2-a148-dfd84fe71282 fetched by user af5631f3-0c3a-44b5-a240-f4e44181068c","timestamp":"2025-06-17T01:46:29.728Z"}
{"level":"info","message":"GET /api/sales/43624ec8-1283-4ee2-a148-dfd84fe71282","timestamp":"2025-06-17T01:46:35.625Z"}
{"level":"info","message":"Sale 43624ec8-1283-4ee2-a148-dfd84fe71282 fetched by user af5631f3-0c3a-44b5-a240-f4e44181068c","timestamp":"2025-06-17T01:46:35.628Z"}
{"level":"info","message":"GET /api/sales/43624ec8-1283-4ee2-a148-dfd84fe71282","timestamp":"2025-06-17T01:46:41.414Z"}
{"level":"info","message":"Sale 43624ec8-1283-4ee2-a148-dfd84fe71282 fetched by user af5631f3-0c3a-44b5-a240-f4e44181068c","timestamp":"2025-06-17T01:46:41.417Z"}
{"level":"info","message":"GET /api/sales/43624ec8-1283-4ee2-a148-dfd84fe71282","timestamp":"2025-06-17T01:46:46.749Z"}
{"level":"info","message":"Sale 43624ec8-1283-4ee2-a148-dfd84fe71282 fetched by user af5631f3-0c3a-44b5-a240-f4e44181068c","timestamp":"2025-06-17T01:46:46.752Z"}
{"level":"info","message":"GET /api/sales/43624ec8-1283-4ee2-a148-dfd84fe71282","timestamp":"2025-06-17T01:46:51.759Z"}
{"level":"info","message":"Sale 43624ec8-1283-4ee2-a148-dfd84fe71282 fetched by user af5631f3-0c3a-44b5-a240-f4e44181068c","timestamp":"2025-06-17T01:46:51.762Z"}
{"level":"info","message":"GET /api/sales/43624ec8-1283-4ee2-a148-dfd84fe71282","timestamp":"2025-06-17T01:47:00.594Z"}
{"level":"info","message":"Sale 43624ec8-1283-4ee2-a148-dfd84fe71282 fetched by user af5631f3-0c3a-44b5-a240-f4e44181068c","timestamp":"2025-06-17T01:47:00.597Z"}
{"level":"info","message":"GET /api/sales/43624ec8-1283-4ee2-a148-dfd84fe71282","timestamp":"2025-06-17T01:47:03.020Z"}
{"level":"info","message":"Sale 43624ec8-1283-4ee2-a148-dfd84fe71282 fetched by user af5631f3-0c3a-44b5-a240-f4e44181068c","timestamp":"2025-06-17T01:47:03.023Z"}
{"level":"info","message":"GET /api/sales/43624ec8-1283-4ee2-a148-dfd84fe71282","timestamp":"2025-06-17T01:47:04.468Z"}
{"level":"info","message":"Sale 43624ec8-1283-4ee2-a148-dfd84fe71282 fetched by user af5631f3-0c3a-44b5-a240-f4e44181068c","timestamp":"2025-06-17T01:47:04.471Z"}
{"level":"info","message":"GET /api/sales/43624ec8-1283-4ee2-a148-dfd84fe71282","timestamp":"2025-06-17T01:47:13.215Z"}
{"level":"info","message":"Sale 43624ec8-1283-4ee2-a148-dfd84fe71282 fetched by user af5631f3-0c3a-44b5-a240-f4e44181068c","timestamp":"2025-06-17T01:47:13.229Z"}
{"level":"info","message":"GET /api/sales/43624ec8-1283-4ee2-a148-dfd84fe71282","timestamp":"2025-06-17T01:47:27.872Z"}
{"level":"info","message":"Sale 43624ec8-1283-4ee2-a148-dfd84fe71282 fetched by user af5631f3-0c3a-44b5-a240-f4e44181068c","timestamp":"2025-06-17T01:47:27.875Z"}
{"level":"info","message":"GET /api/sales/43624ec8-1283-4ee2-a148-dfd84fe71282","timestamp":"2025-06-17T01:47:27.967Z"}
{"level":"info","message":"Sale 43624ec8-1283-4ee2-a148-dfd84fe71282 fetched by user af5631f3-0c3a-44b5-a240-f4e44181068c","timestamp":"2025-06-17T01:47:27.970Z"}
{"level":"info","message":"PATCH /api/sales/43624ec8-1283-4ee2-a148-dfd84fe71282/status","timestamp":"2025-06-17T01:47:32.431Z"}
{"level":"info","message":"PATCH /api/sales/43624ec8-1283-4ee2-a148-dfd84fe71282/status","timestamp":"2025-06-17T01:47:33.012Z"}
{"level":"info","message":"GET /api/sales","timestamp":"2025-06-17T01:47:45.614Z"}
{"level":"info","message":"Sales data fetched","timestamp":"2025-06-17T01:47:45.617Z"}
{"level":"info","message":"GET /api/sales","timestamp":"2025-06-17T01:47:45.619Z"}
{"level":"info","message":"Sales data fetched","timestamp":"2025-06-17T01:47:45.624Z"}
{"level":"info","message":"GET /api/sales/43624ec8-1283-4ee2-a148-dfd84fe71282","timestamp":"2025-06-17T01:47:47.539Z"}
{"level":"info","message":"Sale 43624ec8-1283-4ee2-a148-dfd84fe71282 fetched by user af5631f3-0c3a-44b5-a240-f4e44181068c","timestamp":"2025-06-17T01:47:47.543Z"}
{"level":"info","message":"GET /api/sales/43624ec8-1283-4ee2-a148-dfd84fe71282","timestamp":"2025-06-17T01:47:47.544Z"}
{"level":"info","message":"Sale 43624ec8-1283-4ee2-a148-dfd84fe71282 fetched by user af5631f3-0c3a-44b5-a240-f4e44181068c","timestamp":"2025-06-17T01:47:47.549Z"}
{"level":"info","message":"GET /api/sales","timestamp":"2025-06-17T01:47:49.126Z"}
{"level":"info","message":"Sales data fetched","timestamp":"2025-06-17T01:47:49.128Z"}
{"level":"info","message":"GET /api/sales","timestamp":"2025-06-17T01:47:49.130Z"}
{"level":"info","message":"Sales data fetched","timestamp":"2025-06-17T01:47:49.133Z"}
{"level":"info","message":"GET /api/users","timestamp":"2025-06-17T01:47:50.134Z"}
{"level":"info","message":"Users list fetched","timestamp":"2025-06-17T01:47:50.147Z"}
{"level":"info","message":"GET /api/users","timestamp":"2025-06-17T01:47:50.150Z"}
{"level":"info","message":"Users list fetched","timestamp":"2025-06-17T01:47:50.152Z"}
{"level":"info","message":"POST /api/sales","timestamp":"2025-06-17T01:48:13.929Z"}
{"level":"info","message":"POST /api/sales","timestamp":"2025-06-17T01:48:16.607Z"}
{"level":"info","message":"POST /api/sales","timestamp":"2025-06-17T01:48:16.963Z"}
{"level":"info","message":"POST /api/sales","timestamp":"2025-06-17T01:48:17.119Z"}
{"level":"info","message":"POST /api/sales","timestamp":"2025-06-17T01:48:17.260Z"}
{"level":"info","message":"POST /api/sales","timestamp":"2025-06-17T01:48:17.415Z"}
{"level":"info","message":"POST /api/sales","timestamp":"2025-06-17T01:48:17.556Z"}
{"level":"info","message":"POST /api/sales","timestamp":"2025-06-17T01:48:17.711Z"}
{"level":"info","message":"POST /api/sales","timestamp":"2025-06-17T01:48:18.422Z"}
{"level":"info","message":"POST /api/sales","timestamp":"2025-06-17T01:48:18.662Z"}
{"level":"info","message":"POST /api/sales","timestamp":"2025-06-17T01:48:36.361Z"}
{"level":"info","message":"New sale created by user af5631f3-0c3a-44b5-a240-f4e44181068c","timestamp":"2025-06-17T01:48:36.370Z"}
{"level":"info","message":"GET /api/sales/undefined","timestamp":"2025-06-17T01:48:36.382Z"}
{"level":"info","message":"GET /api/sales/undefined","timestamp":"2025-06-17T01:48:36.388Z"}
{"level":"info","message":"GET /api/sales","timestamp":"2025-06-17T01:48:43.559Z"}
{"level":"info","message":"Sales data fetched","timestamp":"2025-06-17T01:48:43.562Z"}
{"level":"info","message":"GET /api/sales","timestamp":"2025-06-17T01:48:43.564Z"}
{"level":"info","message":"Sales data fetched","timestamp":"2025-06-17T01:48:43.568Z"}
{"level":"info","message":"GET /api/sales/2d532653-3b3d-469a-a8ba-2b079c0b13d3","timestamp":"2025-06-17T01:48:46.471Z"}
{"level":"info","message":"Sale 2d532653-3b3d-469a-a8ba-2b079c0b13d3 fetched by user af5631f3-0c3a-44b5-a240-f4e44181068c","timestamp":"2025-06-17T01:48:46.474Z"}
{"level":"info","message":"GET /api/sales/2d532653-3b3d-469a-a8ba-2b079c0b13d3","timestamp":"2025-06-17T01:48:46.476Z"}
{"level":"info","message":"Sale 2d532653-3b3d-469a-a8ba-2b079c0b13d3 fetched by user af5631f3-0c3a-44b5-a240-f4e44181068c","timestamp":"2025-06-17T01:48:46.482Z"}
{"level":"info","message":"GET /api/sales","timestamp":"2025-06-17T01:48:52.178Z"}
{"level":"info","message":"Sales data fetched","timestamp":"2025-06-17T01:48:52.180Z"}
{"level":"info","message":"GET /api/sales","timestamp":"2025-06-17T01:48:52.182Z"}
{"level":"info","message":"Sales data fetched","timestamp":"2025-06-17T01:48:52.193Z"}
{"level":"info","message":"GET /api/users","timestamp":"2025-06-17T01:48:53.292Z"}
{"level":"info","message":"Users list fetched","timestamp":"2025-06-17T01:48:53.294Z"}
{"level":"info","message":"GET /api/users","timestamp":"2025-06-17T01:48:53.307Z"}
{"level":"info","message":"Users list fetched","timestamp":"2025-06-17T01:48:53.323Z"}
{"level":"info","message":"POST /api/sales","timestamp":"2025-06-17T01:49:17.544Z"}
{"level":"info","message":"New sale created by user af5631f3-0c3a-44b5-a240-f4e44181068c","timestamp":"2025-06-17T01:49:17.550Z"}
{"level":"info","message":"GET /api/sales/undefined","timestamp":"2025-06-17T01:49:17.562Z"}
{"level":"info","message":"GET /api/sales/undefined","timestamp":"2025-06-17T01:49:17.567Z"}
{"level":"info","message":"GET /api/sales","timestamp":"2025-06-17T01:49:20.180Z"}
{"level":"info","message":"Sales data fetched","timestamp":"2025-06-17T01:49:20.182Z"}
{"level":"info","message":"GET /api/sales","timestamp":"2025-06-17T01:49:20.184Z"}
{"level":"info","message":"Sales data fetched","timestamp":"2025-06-17T01:49:20.190Z"}
{"level":"info","message":"GET /api/sales/83b50470-8df0-41de-883f-d27600cab6b1","timestamp":"2025-06-17T01:49:21.989Z"}
{"level":"info","message":"Sale 83b50470-8df0-41de-883f-d27600cab6b1 fetched by user af5631f3-0c3a-44b5-a240-f4e44181068c","timestamp":"2025-06-17T01:49:21.992Z"}
{"level":"info","message":"GET /api/sales/83b50470-8df0-41de-883f-d27600cab6b1","timestamp":"2025-06-17T01:49:21.995Z"}
{"level":"info","message":"Sale 83b50470-8df0-41de-883f-d27600cab6b1 fetched by user af5631f3-0c3a-44b5-a240-f4e44181068c","timestamp":"2025-06-17T01:49:22.004Z"}
{"level":"info","message":"GET /api/sales","timestamp":"2025-06-17T01:49:56.809Z"}
{"level":"info","message":"Sales data fetched","timestamp":"2025-06-17T01:49:56.812Z"}
{"level":"info","message":"GET /api/sales","timestamp":"2025-06-17T01:49:56.815Z"}
{"level":"info","message":"Sales data fetched","timestamp":"2025-06-17T01:49:56.819Z"}
{"level":"info","message":"GET /api/users","timestamp":"2025-06-17T01:49:57.532Z"}
{"level":"info","message":"Users list fetched","timestamp":"2025-06-17T01:49:57.534Z"}
{"level":"info","message":"GET /api/users","timestamp":"2025-06-17T01:49:57.536Z"}
{"level":"info","message":"Users list fetched","timestamp":"2025-06-17T01:49:57.539Z"}
{"level":"info","message":"POST /api/sales","timestamp":"2025-06-17T01:50:21.411Z"}
{"level":"info","message":"New sale created by user af5631f3-0c3a-44b5-a240-f4e44181068c","timestamp":"2025-06-17T01:50:21.416Z"}
{"level":"info","message":"GET /api/sales/84c583d1-c7f0-495b-a628-4ad9ca67dfb6","timestamp":"2025-06-17T01:50:21.427Z"}
{"level":"info","message":"Sale 84c583d1-c7f0-495b-a628-4ad9ca67dfb6 fetched by user af5631f3-0c3a-44b5-a240-f4e44181068c","timestamp":"2025-06-17T01:50:21.430Z"}
{"level":"info","message":"GET /api/sales/84c583d1-c7f0-495b-a628-4ad9ca67dfb6","timestamp":"2025-06-17T01:50:21.434Z"}
{"level":"info","message":"Sale 84c583d1-c7f0-495b-a628-4ad9ca67dfb6 fetched by user af5631f3-0c3a-44b5-a240-f4e44181068c","timestamp":"2025-06-17T01:50:21.446Z"}
{"level":"info","message":"GET /api/sales","timestamp":"2025-06-17T01:50:25.912Z"}
{"level":"info","message":"Sales data fetched","timestamp":"2025-06-17T01:50:25.915Z"}
{"level":"info","message":"GET /api/sales","timestamp":"2025-06-17T01:50:25.917Z"}
{"level":"info","message":"Sales data fetched","timestamp":"2025-06-17T01:50:25.922Z"}
{"level":"info","message":"GET /api/sales","timestamp":"2025-06-17T01:50:47.200Z"}
{"level":"info","message":"Sales data fetched","timestamp":"2025-06-17T01:50:47.204Z"}
{"level":"info","message":"GET /api/sales","timestamp":"2025-06-17T01:50:47.208Z"}
{"level":"info","message":"Sales data fetched","timestamp":"2025-06-17T01:50:47.212Z"}
{"level":"info","message":"GET /api/users/me","timestamp":"2025-06-17T01:53:02.569Z"}
{"level":"info","message":"GET /api/users/me","timestamp":"2025-06-17T01:53:02.586Z"}
{"level":"info","message":"POST /api/auth/logout","timestamp":"2025-06-17T01:53:10.912Z"}
{"level":"info","message":"User undefined logged out","timestamp":"2025-06-17T01:53:10.913Z"}
{"level":"info","message":"POST /api/auth/login","timestamp":"2025-06-17T01:53:22.306Z"}
{"level":"info","message":"POST /api/auth/login","timestamp":"2025-06-17T01:53:40.441Z"}
{"level":"info","message":"POST /api/auth/login","timestamp":"2025-06-17T01:53:47.193Z"}
{"level":"info","message":"User admin@travelpro.com logged in successfully","timestamp":"2025-06-17T01:53:47.300Z"}
{"level":"info","message":"GET /api/sales","timestamp":"2025-06-17T01:55:00.917Z"}
{"level":"info","message":"Sales data fetched","timestamp":"2025-06-17T01:55:00.934Z"}
{"level":"info","message":"GET /api/sales","timestamp":"2025-06-17T01:55:00.936Z"}
{"level":"info","message":"Sales data fetched","timestamp":"2025-06-17T01:55:00.940Z"}
{"level":"info","message":"GET /api/users","timestamp":"2025-06-17T01:55:01.647Z"}
{"level":"info","message":"Users list fetched","timestamp":"2025-06-17T01:55:01.649Z"}
{"level":"info","message":"GET /api/users","timestamp":"2025-06-17T01:55:01.651Z"}
{"level":"info","message":"Users list fetched","timestamp":"2025-06-17T01:55:01.653Z"}
{"level":"info","message":"POST /api/auth/logout","timestamp":"2025-06-17T01:56:13.595Z"}
{"level":"info","message":"User undefined logged out","timestamp":"2025-06-17T01:56:13.596Z"}
{"level":"info","message":"POST /api/auth/login","timestamp":"2025-06-17T01:56:26.506Z"}
{"level":"info","message":"User admin@travelpro.com logged in successfully","timestamp":"2025-06-17T01:56:26.612Z"}
{"level":"info","message":"GET /api/sales","timestamp":"2025-06-17T01:56:32.153Z"}
{"level":"info","message":"Sales data fetched","timestamp":"2025-06-17T01:56:32.157Z"}
{"level":"info","message":"GET /api/sales","timestamp":"2025-06-17T01:56:32.159Z"}
{"level":"info","message":"Sales data fetched","timestamp":"2025-06-17T01:56:32.164Z"}
{"level":"info","message":"GET /api/users","timestamp":"2025-06-17T01:56:34.335Z"}
{"level":"info","message":"Users list fetched","timestamp":"2025-06-17T01:56:34.337Z"}
{"level":"info","message":"GET /api/users","timestamp":"2025-06-17T01:56:34.340Z"}
{"level":"info","message":"Users list fetched","timestamp":"2025-06-17T01:56:34.345Z"}
{"level":"info","message":"POST /api/sales","timestamp":"2025-06-17T01:57:40.566Z"}
{"level":"info","message":"New sale created by user af5631f3-0c3a-44b5-a240-f4e44181068c","timestamp":"2025-06-17T01:57:40.575Z"}
{"level":"info","message":"GET /api/sales/93bf97bb-f760-48cc-8710-b6ac9a959e99","timestamp":"2025-06-17T01:57:40.586Z"}
{"level":"info","message":"Sale 93bf97bb-f760-48cc-8710-b6ac9a959e99 fetched by user af5631f3-0c3a-44b5-a240-f4e44181068c","timestamp":"2025-06-17T01:57:40.590Z"}
{"level":"info","message":"GET /api/sales/93bf97bb-f760-48cc-8710-b6ac9a959e99","timestamp":"2025-06-17T01:57:40.592Z"}
{"level":"info","message":"Sale 93bf97bb-f760-48cc-8710-b6ac9a959e99 fetched by user af5631f3-0c3a-44b5-a240-f4e44181068c","timestamp":"2025-06-17T01:57:40.601Z"}
{"level":"info","message":"GET /api/sales","timestamp":"2025-06-17T01:57:48.077Z"}
{"level":"info","message":"Sales data fetched","timestamp":"2025-06-17T01:57:48.083Z"}
{"level":"info","message":"GET /api/sales","timestamp":"2025-06-17T01:57:48.087Z"}
{"level":"info","message":"Sales data fetched","timestamp":"2025-06-17T01:57:48.091Z"}
{"level":"info","message":"GET /api/sales/93bf97bb-f760-48cc-8710-b6ac9a959e99","timestamp":"2025-06-17T01:57:50.131Z"}
{"level":"info","message":"Sale 93bf97bb-f760-48cc-8710-b6ac9a959e99 fetched by user af5631f3-0c3a-44b5-a240-f4e44181068c","timestamp":"2025-06-17T01:57:50.137Z"}
{"level":"info","message":"GET /api/sales/93bf97bb-f760-48cc-8710-b6ac9a959e99","timestamp":"2025-06-17T01:57:50.140Z"}
{"level":"info","message":"Sale 93bf97bb-f760-48cc-8710-b6ac9a959e99 fetched by user af5631f3-0c3a-44b5-a240-f4e44181068c","timestamp":"2025-06-17T01:57:50.145Z"}
{"level":"info","message":"GET /api/sales","timestamp":"2025-06-17T01:57:52.625Z"}
{"level":"info","message":"Sales data fetched","timestamp":"2025-06-17T01:57:52.629Z"}
{"level":"info","message":"GET /api/sales","timestamp":"2025-06-17T01:57:52.635Z"}
{"level":"info","message":"Sales data fetched","timestamp":"2025-06-17T01:57:52.638Z"}
{"level":"info","message":"GET /api/users/me","timestamp":"2025-06-17T01:59:48.642Z"}
{"level":"info","message":"GET /api/users/me","timestamp":"2025-06-17T01:59:48.652Z"}
{"level":"info","message":"GET /api/sales","timestamp":"2025-06-17T13:58:01.965Z"}
{"level":"info","message":"Sales data fetched","timestamp":"2025-06-17T13:58:01.980Z"}
{"level":"info","message":"GET /api/sales","timestamp":"2025-06-17T13:58:01.982Z"}
{"level":"info","message":"Sales data fetched","timestamp":"2025-06-17T13:58:01.984Z"}
{"level":"info","message":"GET /api/sales/93bf97bb-f760-48cc-8710-b6ac9a959e99","timestamp":"2025-06-17T13:58:04.394Z"}
{"level":"info","message":"Sale 93bf97bb-f760-48cc-8710-b6ac9a959e99 fetched by user af5631f3-0c3a-44b5-a240-f4e44181068c","timestamp":"2025-06-17T13:58:04.399Z"}
{"level":"info","message":"GET /api/sales/93bf97bb-f760-48cc-8710-b6ac9a959e99","timestamp":"2025-06-17T13:58:04.401Z"}
{"level":"info","message":"Sale 93bf97bb-f760-48cc-8710-b6ac9a959e99 fetched by user af5631f3-0c3a-44b5-a240-f4e44181068c","timestamp":"2025-06-17T13:58:04.404Z"}
{"level":"info","message":"GET /api/sales","timestamp":"2025-06-17T13:58:07.089Z"}
{"level":"info","message":"Sales data fetched","timestamp":"2025-06-17T13:58:07.092Z"}
{"level":"info","message":"GET /api/sales","timestamp":"2025-06-17T13:58:07.095Z"}
{"level":"info","message":"Sales data fetched","timestamp":"2025-06-17T13:58:07.098Z"}
{"level":"info","message":"GET /api/sales/93bf97bb-f760-48cc-8710-b6ac9a959e99","timestamp":"2025-06-17T13:58:14.348Z"}
{"level":"info","message":"Sale 93bf97bb-f760-48cc-8710-b6ac9a959e99 fetched by user af5631f3-0c3a-44b5-a240-f4e44181068c","timestamp":"2025-06-17T13:58:14.355Z"}
{"level":"info","message":"GET /api/sales/93bf97bb-f760-48cc-8710-b6ac9a959e99","timestamp":"2025-06-17T13:58:14.357Z"}
{"level":"info","message":"Sale 93bf97bb-f760-48cc-8710-b6ac9a959e99 fetched by user af5631f3-0c3a-44b5-a240-f4e44181068c","timestamp":"2025-06-17T13:58:14.361Z"}
{"level":"info","message":"GET /api/sales","timestamp":"2025-06-17T13:58:17.574Z"}
{"level":"info","message":"Sales data fetched","timestamp":"2025-06-17T13:58:17.577Z"}
{"level":"info","message":"GET /api/sales","timestamp":"2025-06-17T13:58:17.579Z"}
{"level":"info","message":"Sales data fetched","timestamp":"2025-06-17T13:58:17.582Z"}
{"level":"info","message":"GET /api/sales/93bf97bb-f760-48cc-8710-b6ac9a959e99","timestamp":"2025-06-17T13:58:25.758Z"}
{"level":"info","message":"Sale 93bf97bb-f760-48cc-8710-b6ac9a959e99 fetched by user af5631f3-0c3a-44b5-a240-f4e44181068c","timestamp":"2025-06-17T13:58:25.762Z"}
{"level":"info","message":"GET /api/sales/93bf97bb-f760-48cc-8710-b6ac9a959e99","timestamp":"2025-06-17T13:58:25.763Z"}
{"level":"info","message":"Sale 93bf97bb-f760-48cc-8710-b6ac9a959e99 fetched by user af5631f3-0c3a-44b5-a240-f4e44181068c","timestamp":"2025-06-17T13:58:25.768Z"}
{"level":"info","message":"PATCH /api/sales/93bf97bb-f760-48cc-8710-b6ac9a959e99/status","timestamp":"2025-06-17T13:58:41.286Z"}
{"level":"info","message":"GET /api/sales","timestamp":"2025-06-17T13:58:42.281Z"}
{"level":"info","message":"Sales data fetched","timestamp":"2025-06-17T13:58:42.285Z"}
{"level":"info","message":"GET /api/sales","timestamp":"2025-06-17T13:58:42.287Z"}
{"level":"info","message":"Sales data fetched","timestamp":"2025-06-17T13:58:42.289Z"}
{"level":"info","message":"GET /api/sales/93bf97bb-f760-48cc-8710-b6ac9a959e99","timestamp":"2025-06-17T13:59:18.474Z"}
{"level":"info","message":"Sale 93bf97bb-f760-48cc-8710-b6ac9a959e99 fetched by user af5631f3-0c3a-44b5-a240-f4e44181068c","timestamp":"2025-06-17T13:59:18.478Z"}
{"level":"info","message":"GET /api/sales/93bf97bb-f760-48cc-8710-b6ac9a959e99","timestamp":"2025-06-17T13:59:18.479Z"}
{"level":"info","message":"Sale 93bf97bb-f760-48cc-8710-b6ac9a959e99 fetched by user af5631f3-0c3a-44b5-a240-f4e44181068c","timestamp":"2025-06-17T13:59:18.482Z"}
{"level":"info","message":"GET /api/sales","timestamp":"2025-06-17T13:59:25.040Z"}
{"level":"info","message":"Sales data fetched","timestamp":"2025-06-17T13:59:25.042Z"}
{"level":"info","message":"GET /api/sales","timestamp":"2025-06-17T13:59:25.044Z"}
{"level":"info","message":"Sales data fetched","timestamp":"2025-06-17T13:59:25.047Z"}
{"level":"info","message":"GET /api/users","timestamp":"2025-06-17T13:59:26.337Z"}
{"level":"info","message":"Users list fetched","timestamp":"2025-06-17T13:59:26.353Z"}
{"level":"info","message":"GET /api/users","timestamp":"2025-06-17T13:59:26.354Z"}
{"level":"info","message":"Users list fetched","timestamp":"2025-06-17T13:59:26.356Z"}
{"level":"info","message":"GET /api/users","timestamp":"2025-06-17T14:00:10.637Z"}
{"level":"info","message":"Users list fetched","timestamp":"2025-06-17T14:00:10.639Z"}
{"level":"info","message":"GET /api/users","timestamp":"2025-06-17T14:00:13.081Z"}
{"level":"info","message":"Users list fetched","timestamp":"2025-06-17T14:00:13.083Z"}
{"level":"info","message":"GET /api/users","timestamp":"2025-06-17T14:00:16.336Z"}
{"level":"info","message":"Users list fetched","timestamp":"2025-06-17T14:00:16.338Z"}
{"level":"info","message":"GET /api/users","timestamp":"2025-06-17T14:00:19.570Z"}
{"level":"info","message":"Users list fetched","timestamp":"2025-06-17T14:00:19.571Z"}
{"level":"info","message":"GET /api/users","timestamp":"2025-06-17T14:00:25.471Z"}
{"level":"info","message":"Users list fetched","timestamp":"2025-06-17T14:00:25.472Z"}
{"level":"info","message":"GET /api/users/me","timestamp":"2025-06-17T14:00:39.638Z"}
{"level":"info","message":"GET /api/users/me","timestamp":"2025-06-17T14:00:39.646Z"}
{"level":"info","message":"GET /api/users","timestamp":"2025-06-17T14:00:39.755Z"}
{"level":"info","message":"Users list fetched","timestamp":"2025-06-17T14:00:39.756Z"}
{"level":"info","message":"GET /api/users","timestamp":"2025-06-17T14:00:39.758Z"}
{"level":"info","message":"Users list fetched","timestamp":"2025-06-17T14:00:39.759Z"}
{"level":"info","message":"GET /api/users","timestamp":"2025-06-17T14:00:59.543Z"}
{"level":"info","message":"Users list fetched","timestamp":"2025-06-17T14:00:59.545Z"}
{"level":"info","message":"GET /api/users","timestamp":"2025-06-17T14:03:24.004Z"}
{"level":"info","message":"Users list fetched","timestamp":"2025-06-17T14:03:24.006Z"}
{"level":"info","message":"GET /api/users","timestamp":"2025-06-17T14:04:02.116Z"}
{"level":"info","message":"Users list fetched","timestamp":"2025-06-17T14:04:02.118Z"}
{"level":"info","message":"GET /api/users","timestamp":"2025-06-17T14:04:09.983Z"}
{"level":"info","message":"Users list fetched","timestamp":"2025-06-17T14:04:09.985Z"}
{"level":"info","message":"GET /api/users","timestamp":"2025-06-17T14:04:18.668Z"}
{"level":"info","message":"Users list fetched","timestamp":"2025-06-17T14:04:18.670Z"}
{"level":"info","message":"GET /api/users","timestamp":"2025-06-17T14:04:44.144Z"}
{"level":"info","message":"Users list fetched","timestamp":"2025-06-17T14:04:44.155Z"}
{"level":"info","message":"GET /api/users","timestamp":"2025-06-17T14:04:54.338Z"}
{"level":"info","message":"Users list fetched","timestamp":"2025-06-17T14:04:54.340Z"}
{"level":"info","message":"GET /api/users","timestamp":"2025-06-17T14:05:04.066Z"}
{"level":"info","message":"Users list fetched","timestamp":"2025-06-17T14:05:04.068Z"}
{"level":"info","message":"POST /api/sales","timestamp":"2025-06-17T14:05:26.562Z"}
{"level":"info","message":"New sale created by user af5631f3-0c3a-44b5-a240-f4e44181068c","timestamp":"2025-06-17T14:05:26.581Z"}
{"level":"info","message":"GET /api/sales/a8490e37-3bf1-430b-9369-f3ce2a018947","timestamp":"2025-06-17T14:05:26.590Z"}
{"level":"info","message":"Sale a8490e37-3bf1-430b-9369-f3ce2a018947 fetched by user af5631f3-0c3a-44b5-a240-f4e44181068c","timestamp":"2025-06-17T14:05:26.594Z"}
{"level":"info","message":"GET /api/sales/a8490e37-3bf1-430b-9369-f3ce2a018947","timestamp":"2025-06-17T14:05:26.596Z"}
{"level":"info","message":"Sale a8490e37-3bf1-430b-9369-f3ce2a018947 fetched by user af5631f3-0c3a-44b5-a240-f4e44181068c","timestamp":"2025-06-17T14:05:26.601Z"}
{"level":"info","message":"GET /api/sales","timestamp":"2025-06-17T14:06:47.148Z"}
{"level":"info","message":"Sales data fetched","timestamp":"2025-06-17T14:06:47.152Z"}
{"level":"info","message":"GET /api/sales","timestamp":"2025-06-17T14:06:47.154Z"}
{"level":"info","message":"Sales data fetched","timestamp":"2025-06-17T14:06:47.158Z"}
{"level":"info","message":"GET /api/users","timestamp":"2025-06-17T14:06:48.274Z"}
{"level":"info","message":"Users list fetched","timestamp":"2025-06-17T14:06:48.276Z"}
{"level":"info","message":"GET /api/users","timestamp":"2025-06-17T14:06:48.278Z"}
{"level":"info","message":"Users list fetched","timestamp":"2025-06-17T14:06:48.281Z"}
{"level":"info","message":"GET /api/sales","timestamp":"2025-06-17T14:13:34.329Z"}
{"level":"info","message":"Sales data fetched","timestamp":"2025-06-17T14:13:34.340Z"}
{"level":"info","message":"GET /api/sales","timestamp":"2025-06-17T14:13:34.342Z"}
{"level":"info","message":"Sales data fetched","timestamp":"2025-06-17T14:13:34.343Z"}
{"level":"info","message":"Server running on port 3001","timestamp":"2025-06-17T14:14:06.520Z"}
{"level":"info","message":"Server running on port 3001","timestamp":"2025-06-17T14:14:27.664Z"}
{"level":"info","message":"Server running on port 3001","timestamp":"2025-06-17T14:15:18.923Z"}
{"level":"info","message":"GET /api/users/me","timestamp":"2025-06-17T14:20:01.330Z"}
{"level":"info","message":"GET /api/users/me","timestamp":"2025-06-17T14:20:01.374Z"}
{"level":"info","message":"POST /api/auth/login","timestamp":"2025-06-17T14:22:13.045Z"}
{"level":"info","message":"POST /api/auth/login","timestamp":"2025-06-17T14:22:15.208Z"}
{"level":"info","message":"POST /api/auth/login","timestamp":"2025-06-17T14:22:17.875Z"}
{"level":"info","message":"User admin@travelpro.com logged in successfully","timestamp":"2025-06-17T14:22:17.982Z"}
{"level":"info","message":"GET /api/sales","timestamp":"2025-06-17T14:22:21.448Z"}
{"level":"info","message":"Sales data fetched","timestamp":"2025-06-17T14:22:21.462Z"}
{"level":"info","message":"GET /api/sales","timestamp":"2025-06-17T14:22:21.464Z"}
{"level":"info","message":"Sales data fetched","timestamp":"2025-06-17T14:22:21.467Z"}
{"level":"info","message":"GET /api/users","timestamp":"2025-06-17T14:22:23.405Z"}
{"level":"info","message":"GET /api/clients","timestamp":"2025-06-17T14:22:23.407Z"}
{"level":"info","message":"Users list fetched","timestamp":"2025-06-17T14:22:23.409Z"}
{"level":"info","message":"GET /api/clients","timestamp":"2025-06-17T14:22:23.411Z"}
{"level":"info","message":"GET /api/users","timestamp":"2025-06-17T14:22:23.414Z"}
{"level":"info","message":"Users list fetched","timestamp":"2025-06-17T14:22:23.419Z"}
{"level":"info","message":"GET /api/clients","timestamp":"2025-06-17T14:23:53.185Z"}
{"level":"info","message":"GET /api/users","timestamp":"2025-06-17T14:23:53.186Z"}
{"level":"info","message":"GET /api/clients","timestamp":"2025-06-17T14:23:53.188Z"}
{"level":"info","message":"Users list fetched","timestamp":"2025-06-17T14:23:53.192Z"}
{"level":"info","message":"GET /api/users","timestamp":"2025-06-17T14:23:53.195Z"}
{"level":"info","message":"Users list fetched","timestamp":"2025-06-17T14:23:53.198Z"}
{"level":"info","message":"POST /api/clients","timestamp":"2025-06-17T14:24:06.348Z"}
{"level":"info","message":"GET /api/users","timestamp":"2025-06-17T14:24:06.349Z"}
{"level":"info","message":"Users list fetched","timestamp":"2025-06-17T14:24:06.352Z"}
{"level":"info","message":"GET /api/clients","timestamp":"2025-06-17T14:24:12.109Z"}
{"level":"info","message":"GET /api/users","timestamp":"2025-06-17T14:24:12.109Z"}
{"level":"info","message":"Users list fetched","timestamp":"2025-06-17T14:24:12.112Z"}
{"level":"info","message":"GET /api/users","timestamp":"2025-06-17T14:25:24.760Z"}
{"level":"info","message":"GET /api/clients","timestamp":"2025-06-17T14:25:24.763Z"}
{"level":"info","message":"Users list fetched","timestamp":"2025-06-17T14:25:24.790Z"}
{"level":"info","message":"GET /api/clients","timestamp":"2025-06-17T14:25:24.829Z"}
{"level":"info","message":"GET /api/users","timestamp":"2025-06-17T14:25:24.829Z"}
{"level":"info","message":"Users list fetched","timestamp":"2025-06-17T14:25:24.832Z"}
{"level":"info","message":"POST /api/clients","timestamp":"2025-06-17T14:25:52.373Z"}
{"level":"info","message":"GET /api/clients","timestamp":"2025-06-17T14:26:02.886Z"}
{"level":"info","message":"GET /api/users","timestamp":"2025-06-17T14:26:02.888Z"}
{"level":"info","message":"Users list fetched","timestamp":"2025-06-17T14:26:02.890Z"}
{"level":"info","message":"GET /api/clients","timestamp":"2025-06-17T14:26:31.063Z"}
{"level":"info","message":"GET /api/users","timestamp":"2025-06-17T14:26:31.064Z"}
{"level":"info","message":"Users list fetched","timestamp":"2025-06-17T14:26:31.071Z"}
{"level":"info","message":"Server running on port 3001","timestamp":"2025-06-17T14:27:36.069Z"}
{"level":"info","message":"Server running on port 3001","timestamp":"2025-06-17T14:27:39.560Z"}
{"level":"info","message":"GET /api/sales","timestamp":"2025-06-17T14:27:45.949Z"}
{"level":"info","message":"Sales data fetched","timestamp":"2025-06-17T14:27:45.974Z"}
{"level":"info","message":"GET /api/sales","timestamp":"2025-06-17T14:27:45.978Z"}
{"level":"info","message":"Sales data fetched","timestamp":"2025-06-17T14:27:45.981Z"}
{"level":"info","message":"GET /api/clients","timestamp":"2025-06-17T14:27:47.525Z"}
{"level":"info","message":"GET /api/users","timestamp":"2025-06-17T14:27:47.528Z"}
{"level":"info","message":"Users list fetched","timestamp":"2025-06-17T14:27:47.542Z"}
{"level":"info","message":"GET /api/clients","timestamp":"2025-06-17T14:27:47.544Z"}
{"level":"info","message":"GET /api/users","timestamp":"2025-06-17T14:27:47.546Z"}
{"level":"info","message":"Users list fetched","timestamp":"2025-06-17T14:27:47.550Z"}
{"level":"info","message":"POST /api/clients","timestamp":"2025-06-17T14:28:10.787Z"}
{"level":"info","message":"Server running on port 3001","timestamp":"2025-06-17T14:30:05.403Z"}
{"level":"info","message":"POST /api/auth/login","timestamp":"2025-06-17T14:30:10.616Z"}
{"level":"info","message":"User admin@travelpro.com logged in successfully","timestamp":"2025-06-17T14:30:10.790Z"}
{"level":"info","message":"GET /api/sales","timestamp":"2025-06-17T14:30:13.454Z"}
{"level":"info","message":"Sales data fetched","timestamp":"2025-06-17T14:30:13.470Z"}
{"level":"info","message":"GET /api/sales","timestamp":"2025-06-17T14:30:13.473Z"}
{"level":"info","message":"Sales data fetched","timestamp":"2025-06-17T14:30:13.476Z"}
{"level":"info","message":"GET /api/users","timestamp":"2025-06-17T14:30:14.346Z"}
{"level":"info","message":"GET /api/clients","timestamp":"2025-06-17T14:30:14.349Z"}
{"level":"info","message":"Users list fetched","timestamp":"2025-06-17T14:30:14.365Z"}
{"level":"info","message":"GET /api/users","timestamp":"2025-06-17T14:30:14.368Z"}
{"level":"info","message":"GET /api/clients","timestamp":"2025-06-17T14:30:14.370Z"}
{"level":"info","message":"Users list fetched","timestamp":"2025-06-17T14:30:14.372Z"}
{"level":"info","message":"POST /api/clients","timestamp":"2025-06-17T14:30:22.314Z"}
{"level":"info","message":"Server running on port 3001","timestamp":"2025-06-17T14:30:44.956Z"}
{"level":"info","message":"POST /api/clients","timestamp":"2025-06-17T14:30:48.202Z"}
{"level":"info","message":"Server running on port 3001","timestamp":"2025-06-17T14:32:09.262Z"}
{"level":"info","message":"POST /api/clients","timestamp":"2025-06-17T14:32:11.731Z"}
{"level":"info","message":"GET /api/clients","timestamp":"2025-06-17T14:32:55.014Z"}
{"level":"info","message":"GET /api/users","timestamp":"2025-06-17T14:32:55.016Z"}
{"level":"info","message":"Users list fetched","timestamp":"2025-06-17T14:32:55.032Z"}
{"level":"info","message":"GET /api/users","timestamp":"2025-06-17T14:33:34.974Z"}
{"level":"info","message":"GET /api/clients","timestamp":"2025-06-17T14:33:34.977Z"}
{"level":"info","message":"Users list fetched","timestamp":"2025-06-17T14:33:34.979Z"}
{"level":"info","message":"POST /api/sales","timestamp":"2025-06-17T14:34:30.743Z"}
{"level":"info","message":"POST /api/sales","timestamp":"2025-06-17T14:34:31.919Z"}
{"level":"info","message":"POST /api/sales","timestamp":"2025-06-17T14:34:32.073Z"}
{"level":"info","message":"POST /api/sales","timestamp":"2025-06-17T14:34:32.214Z"}
{"level":"info","message":"POST /api/sales","timestamp":"2025-06-17T14:34:38.255Z"}
{"level":"info","message":"POST /api/sales","timestamp":"2025-06-17T14:34:49.150Z"}
{"level":"info","message":"POST /api/sales","timestamp":"2025-06-17T14:34:58.355Z"}
{"level":"info","message":"POST /api/sales","timestamp":"2025-06-17T14:36:38.029Z"}
{"level":"info","message":"GET /api/users","timestamp":"2025-06-17T14:36:56.613Z"}
{"level":"info","message":"GET /api/clients","timestamp":"2025-06-17T14:36:56.616Z"}
{"level":"info","message":"Users list fetched","timestamp":"2025-06-17T14:36:56.617Z"}
{"level":"info","message":"GET /api/users","timestamp":"2025-06-17T14:36:56.644Z"}
{"level":"info","message":"GET /api/clients","timestamp":"2025-06-17T14:36:56.645Z"}
{"level":"info","message":"Users list fetched","timestamp":"2025-06-17T14:36:56.646Z"}
{"level":"info","message":"GET /api/users","timestamp":"2025-06-17T14:37:31.348Z"}
{"level":"info","message":"GET /api/clients","timestamp":"2025-06-17T14:37:31.350Z"}
{"level":"info","message":"Users list fetched","timestamp":"2025-06-17T14:37:31.436Z"}
{"level":"info","message":"GET /api/users","timestamp":"2025-06-17T14:37:31.439Z"}
{"level":"info","message":"Users list fetched","timestamp":"2025-06-17T14:37:31.448Z"}
{"level":"info","message":"GET /api/clients","timestamp":"2025-06-17T14:37:31.464Z"}
{"level":"info","message":"GET /api/users/me","timestamp":"2025-06-17T14:37:39.844Z"}
{"level":"info","message":"GET /api/users/me","timestamp":"2025-06-17T14:37:39.856Z"}
{"level":"info","message":"GET /api/users","timestamp":"2025-06-17T14:37:40.004Z"}
{"level":"info","message":"GET /api/clients","timestamp":"2025-06-17T14:37:40.006Z"}
{"level":"info","message":"Users list fetched","timestamp":"2025-06-17T14:37:40.006Z"}
{"level":"info","message":"GET /api/users","timestamp":"2025-06-17T14:37:40.009Z"}
{"level":"info","message":"GET /api/clients","timestamp":"2025-06-17T14:37:40.011Z"}
{"level":"info","message":"Users list fetched","timestamp":"2025-06-17T14:37:40.011Z"}
{"level":"info","message":"GET /api/users/me","timestamp":"2025-06-17T14:37:46.463Z"}
{"level":"info","message":"GET /api/users/me","timestamp":"2025-06-17T14:37:46.467Z"}
{"level":"info","message":"GET /api/users","timestamp":"2025-06-17T14:37:46.654Z"}
{"level":"info","message":"GET /api/clients","timestamp":"2025-06-17T14:37:46.656Z"}
{"level":"info","message":"Users list fetched","timestamp":"2025-06-17T14:37:46.657Z"}
{"level":"info","message":"GET /api/users","timestamp":"2025-06-17T14:37:46.662Z"}
{"level":"info","message":"GET /api/clients","timestamp":"2025-06-17T14:37:46.664Z"}
{"level":"info","message":"Users list fetched","timestamp":"2025-06-17T14:37:46.665Z"}
{"level":"info","message":"POST /api/sales","timestamp":"2025-06-17T14:38:42.122Z"}
{"level":"info","message":"GET /api/users","timestamp":"2025-06-17T14:39:05.881Z"}
{"level":"info","message":"GET /api/clients","timestamp":"2025-06-17T14:39:05.882Z"}
{"level":"info","message":"Users list fetched","timestamp":"2025-06-17T14:39:05.905Z"}
{"level":"info","message":"POST /api/sales","timestamp":"2025-06-17T14:39:39.723Z"}
{"level":"info","message":"Server running on port 3001","timestamp":"2025-06-17T14:41:27.114Z"}
{"level":"info","message":"POST /api/sales","timestamp":"2025-06-17T14:41:29.377Z"}
{"level":"info","message":"New sale created by user e104f2f9-c685-41a9-b7b3-0158b818c5e9","timestamp":"2025-06-17T14:41:29.430Z"}
{"level":"info","message":"GET /api/sales/5df1fe90-c501-4fea-9b7a-d3a00ed8cfec","timestamp":"2025-06-17T14:41:29.454Z"}
{"level":"info","message":"Sale 5df1fe90-c501-4fea-9b7a-d3a00ed8cfec fetched by user e104f2f9-c685-41a9-b7b3-0158b818c5e9","timestamp":"2025-06-17T14:41:29.461Z"}
{"level":"info","message":"GET /api/sales/5df1fe90-c501-4fea-9b7a-d3a00ed8cfec","timestamp":"2025-06-17T14:41:29.468Z"}
{"level":"info","message":"Sale 5df1fe90-c501-4fea-9b7a-d3a00ed8cfec fetched by user e104f2f9-c685-41a9-b7b3-0158b818c5e9","timestamp":"2025-06-17T14:41:29.472Z"}
{"level":"info","message":"GET /api/sales","timestamp":"2025-06-17T14:41:38.523Z"}
{"level":"info","message":"Sales data fetched","timestamp":"2025-06-17T14:41:38.533Z"}
{"level":"info","message":"GET /api/sales","timestamp":"2025-06-17T14:41:38.537Z"}
{"level":"info","message":"Sales data fetched","timestamp":"2025-06-17T14:41:38.544Z"}
{"level":"info","message":"GET /api/users/me","timestamp":"2025-06-17T14:41:42.405Z"}
{"level":"info","message":"GET /api/users/me","timestamp":"2025-06-17T14:41:42.428Z"}
{"level":"info","message":"GET /api/sales","timestamp":"2025-06-17T14:41:42.786Z"}
{"level":"info","message":"Sales data fetched","timestamp":"2025-06-17T14:41:42.799Z"}
{"level":"info","message":"GET /api/sales","timestamp":"2025-06-17T14:41:42.806Z"}
{"level":"info","message":"Sales data fetched","timestamp":"2025-06-17T14:41:42.823Z"}
{"level":"info","message":"GET /api/users/me","timestamp":"2025-06-17T14:44:21.209Z"}
{"level":"info","message":"GET /api/users/me","timestamp":"2025-06-17T14:44:21.222Z"}
{"level":"info","message":"GET /api/sales","timestamp":"2025-06-17T14:44:21.384Z"}
{"level":"info","message":"Sales data fetched","timestamp":"2025-06-17T14:44:21.393Z"}
{"level":"info","message":"GET /api/sales","timestamp":"2025-06-17T14:44:21.395Z"}
{"level":"info","message":"Sales data fetched","timestamp":"2025-06-17T14:44:21.398Z"}
{"level":"info","message":"GET /api/sales","timestamp":"2025-06-17T14:46:10.826Z"}
{"level":"info","message":"Sales data fetched","timestamp":"2025-06-17T14:46:10.829Z"}
{"level":"info","message":"GET /api/sales","timestamp":"2025-06-17T14:46:10.832Z"}
{"level":"info","message":"Sales data fetched","timestamp":"2025-06-17T14:46:10.835Z"}
{"level":"info","message":"GET /api/users/me","timestamp":"2025-06-17T14:47:07.908Z"}
{"level":"info","message":"GET /api/users/me","timestamp":"2025-06-17T14:47:07.999Z"}
{"level":"info","message":"GET /api/clients","timestamp":"2025-06-17T14:47:09.239Z"}
{"level":"info","message":"GET /api/clients","timestamp":"2025-06-17T14:47:09.256Z"}
{"level":"info","message":"POST /api/clients","timestamp":"2025-06-17T14:47:19.459Z"}
{"level":"info","message":"Server running on port 3001","timestamp":"2025-06-17T14:47:49.035Z"}
{"level":"info","message":"POST /api/clients","timestamp":"2025-06-17T14:47:50.574Z"}
{"level":"info","message":"GET /api/clients","timestamp":"2025-06-17T14:47:50.615Z"}
{"level":"info","message":"GET /api/clients","timestamp":"2025-06-17T14:47:50.624Z"}
{"level":"info","message":"GET /api/sales","timestamp":"2025-06-17T14:48:04.725Z"}
{"level":"info","message":"Sales data fetched","timestamp":"2025-06-17T14:48:04.745Z"}
{"level":"info","message":"GET /api/sales","timestamp":"2025-06-17T14:48:04.747Z"}
{"level":"info","message":"Sales data fetched","timestamp":"2025-06-17T14:48:04.752Z"}
{"level":"info","message":"GET /api/clients","timestamp":"2025-06-17T14:48:06.491Z"}
{"level":"info","message":"GET /api/clients","timestamp":"2025-06-17T14:48:06.497Z"}
{"level":"info","message":"GET /api/clients","timestamp":"2025-06-17T14:49:31.476Z"}
{"level":"info","message":"GET /api/clients","timestamp":"2025-06-17T14:49:31.481Z"}
{"level":"info","message":"GET /api/clients/1","timestamp":"2025-06-17T14:49:32.606Z"}
{"level":"info","message":"GET /api/clients/1","timestamp":"2025-06-17T14:49:32.613Z"}
{"level":"info","message":"PUT /api/clients/1","timestamp":"2025-06-17T14:49:34.265Z"}
{"level":"info","message":"GET /api/clients","timestamp":"2025-06-17T14:49:34.281Z"}
{"level":"info","message":"GET /api/clients","timestamp":"2025-06-17T14:49:34.298Z"}
{"level":"info","message":"GET /api/clients/1","timestamp":"2025-06-17T14:49:35.556Z"}
{"level":"info","message":"GET /api/clients/1","timestamp":"2025-06-17T14:49:35.560Z"}
{"level":"info","message":"PUT /api/clients/1","timestamp":"2025-06-17T14:49:38.681Z"}
{"level":"info","message":"GET /api/clients","timestamp":"2025-06-17T14:49:38.702Z"}
{"level":"info","message":"GET /api/clients","timestamp":"2025-06-17T14:49:38.708Z"}
{"level":"info","message":"GET /api/clients","timestamp":"2025-06-17T14:49:42.428Z"}
{"level":"info","message":"GET /api/clients","timestamp":"2025-06-17T14:49:42.432Z"}
{"level":"info","message":"GET /api/clients","timestamp":"2025-06-17T14:49:44.225Z"}
{"level":"info","message":"GET /api/clients","timestamp":"2025-06-17T14:49:44.229Z"}
{"level":"info","message":"GET /api/clients/a3513a85-ccbc-4b21-89d5-e847d1451c69","timestamp":"2025-06-17T14:49:45.229Z"}
{"level":"info","message":"GET /api/clients/a3513a85-ccbc-4b21-89d5-e847d1451c69","timestamp":"2025-06-17T14:49:45.233Z"}
{"level":"info","message":"PUT /api/clients/a3513a85-ccbc-4b21-89d5-e847d1451c69","timestamp":"2025-06-17T14:49:49.172Z"}
{"level":"info","message":"GET /api/clients","timestamp":"2025-06-17T14:49:49.184Z"}
{"level":"info","message":"GET /api/clients","timestamp":"2025-06-17T14:49:49.190Z"}
{"level":"info","message":"GET /api/clients","timestamp":"2025-06-17T14:49:57.459Z"}
{"level":"info","message":"GET /api/clients","timestamp":"2025-06-17T14:50:19.102Z"}
{"level":"info","message":"GET /api/clients","timestamp":"2025-06-17T14:50:26.578Z"}
{"level":"info","message":"GET /api/clients","timestamp":"2025-06-17T14:51:16.760Z"}
{"level":"info","message":"GET /api/clients","timestamp":"2025-06-17T14:51:16.766Z"}
{"level":"info","message":"DELETE /api/clients/afebb343-95e8-4164-9fe9-d04da7fa6f96","timestamp":"2025-06-17T14:51:46.994Z"}
{"level":"info","message":"GET /api/clients","timestamp":"2025-06-17T14:51:49.880Z"}
{"level":"info","message":"GET /api/clients","timestamp":"2025-06-17T14:52:12.309Z"}
{"level":"info","message":"GET /api/clients","timestamp":"2025-06-17T14:52:36.182Z"}
{"level":"info","message":"GET /api/users/me","timestamp":"2025-06-17T14:52:56.186Z"}
{"level":"info","message":"GET /api/users/me","timestamp":"2025-06-17T14:52:56.198Z"}
{"level":"info","message":"GET /api/clients","timestamp":"2025-06-17T14:52:56.206Z"}
{"level":"info","message":"GET /api/clients","timestamp":"2025-06-17T14:52:56.221Z"}
{"level":"info","message":"GET /api/clients","timestamp":"2025-06-17T14:53:17.406Z"}
{"level":"info","message":"GET /api/clients","timestamp":"2025-06-17T14:53:29.143Z"}
{"level":"info","message":"GET /api/clients","timestamp":"2025-06-17T14:53:36.495Z"}
{"level":"info","message":"GET /api/clients","timestamp":"2025-06-17T14:53:44.546Z"}
{"level":"info","message":"GET /api/clients","timestamp":"2025-06-17T14:53:55.130Z"}
{"level":"info","message":"GET /api/clients","timestamp":"2025-06-17T14:53:55.217Z"}
{"level":"info","message":"GET /api/clients","timestamp":"2025-06-17T14:54:01.477Z"}
{"level":"info","message":"GET /api/clients","timestamp":"2025-06-17T14:54:14.910Z"}
{"level":"info","message":"GET /api/clients","timestamp":"2025-06-17T14:54:18.851Z"}
{"level":"info","message":"GET /api/clients","timestamp":"2025-06-17T14:54:18.946Z"}
{"level":"info","message":"GET /api/clients","timestamp":"2025-06-17T14:54:22.817Z"}
{"level":"info","message":"GET /api/clients","timestamp":"2025-06-17T14:54:22.820Z"}
{"level":"info","message":"GET /api/clients","timestamp":"2025-06-17T14:55:01.808Z"}
{"level":"info","message":"GET /api/clients","timestamp":"2025-06-17T14:55:01.813Z"}
{"level":"info","message":"GET /api/clients","timestamp":"2025-06-17T14:55:25.439Z"}
{"level":"info","message":"GET /api/clients","timestamp":"2025-06-17T14:55:25.442Z"}
{"level":"info","message":"GET /api/clients/1","timestamp":"2025-06-17T14:55:27.856Z"}
{"level":"info","message":"GET /api/clients/1","timestamp":"2025-06-17T14:55:27.860Z"}
{"level":"info","message":"GET /api/clients","timestamp":"2025-06-17T14:55:29.764Z"}
{"level":"info","message":"GET /api/clients","timestamp":"2025-06-17T14:55:29.766Z"}
{"level":"info","message":"GET /api/clients/1","timestamp":"2025-06-17T14:55:54.669Z"}
{"level":"info","message":"GET /api/clients/1","timestamp":"2025-06-17T14:55:54.672Z"}
{"level":"info","message":"GET /api/clients","timestamp":"2025-06-17T14:55:59.220Z"}
{"level":"info","message":"GET /api/clients","timestamp":"2025-06-17T14:55:59.223Z"}
{"level":"info","message":"GET /api/clients/1","timestamp":"2025-06-17T14:56:13.002Z"}
{"level":"info","message":"GET /api/clients/1","timestamp":"2025-06-17T14:56:13.005Z"}
{"level":"info","message":"GET /api/clients","timestamp":"2025-06-17T14:56:20.572Z"}
{"level":"info","message":"GET /api/clients","timestamp":"2025-06-17T14:56:20.575Z"}
{"level":"info","message":"GET /api/clients/1","timestamp":"2025-06-17T14:56:21.671Z"}
{"level":"info","message":"GET /api/clients/1","timestamp":"2025-06-17T14:56:21.675Z"}
{"level":"info","message":"GET /api/clients","timestamp":"2025-06-17T14:56:26.344Z"}
{"level":"info","message":"GET /api/clients","timestamp":"2025-06-17T14:56:26.347Z"}
{"level":"info","message":"GET /api/sales","timestamp":"2025-06-17T14:57:13.568Z"}
{"level":"info","message":"Sales data fetched","timestamp":"2025-06-17T14:57:13.582Z"}
{"level":"info","message":"GET /api/sales","timestamp":"2025-06-17T14:57:13.584Z"}
{"level":"info","message":"Sales data fetched","timestamp":"2025-06-17T14:57:13.586Z"}
